The system is: Linux - 5.15.0-88-generic - x86_64
Compiling the C compiler identification source file "CMakeCCompilerId.c" succeeded.
Compiler: /usr/bin/cc 
Build flags: 
Id flags:  

The output was:
0


Compilation of the C compiler identification source "CMakeCCompilerId.c" produced "a.out"

The C compiler identification is GNU, found in "/home/zou/Documents/DFIKOS/Build/CMakeFiles/3.16.3/CompilerIdC/a.out"

Compiling the CXX compiler identification source file "CMakeCXXCompilerId.cpp" succeeded.
Compiler: /usr/bin/c++ 
Build flags: 
Id flags:  

The output was:
0


Compilation of the CXX compiler identification source "CMakeCXXCompilerId.cpp" produced "a.out"

The CXX compiler identification is GNU, found in "/home/zou/Documents/DFIKOS/Build/CMakeFiles/3.16.3/CompilerIdCXX/a.out"

Determining if the C compiler works passed with the following output:
Change Dir: /home/zou/Documents/DFIKOS/Build/CMakeFiles/CMakeTmp

Run Build Command(s):/usr/bin/make cmTC_50611/fast && /usr/bin/make -f CMakeFiles/cmTC_50611.dir/build.make CMakeFiles/cmTC_50611.dir/build
make[1]: Entering directory '/home/zou/Documents/DFIKOS/Build/CMakeFiles/CMakeTmp'
Building C object CMakeFiles/cmTC_50611.dir/testCCompiler.c.o
/usr/bin/cc    -o CMakeFiles/cmTC_50611.dir/testCCompiler.c.o   -c /home/zou/Documents/DFIKOS/Build/CMakeFiles/CMakeTmp/testCCompiler.c
Linking C executable cmTC_50611
/usr/bin/cmake -E cmake_link_script CMakeFiles/cmTC_50611.dir/link.txt --verbose=1
/usr/bin/cc      CMakeFiles/cmTC_50611.dir/testCCompiler.c.o  -o cmTC_50611 
make[1]: Leaving directory '/home/zou/Documents/DFIKOS/Build/CMakeFiles/CMakeTmp'



Detecting C compiler ABI info compiled with the following output:
Change Dir: /home/zou/Documents/DFIKOS/Build/CMakeFiles/CMakeTmp

Run Build Command(s):/usr/bin/make cmTC_3b86e/fast && /usr/bin/make -f CMakeFiles/cmTC_3b86e.dir/build.make CMakeFiles/cmTC_3b86e.dir/build
make[1]: Entering directory '/home/zou/Documents/DFIKOS/Build/CMakeFiles/CMakeTmp'
Building C object CMakeFiles/cmTC_3b86e.dir/CMakeCCompilerABI.c.o
/usr/bin/cc   -v -o CMakeFiles/cmTC_3b86e.dir/CMakeCCompilerABI.c.o   -c /usr/share/cmake-3.16/Modules/CMakeCCompilerABI.c
Using built-in specs.
COLLECT_GCC=/usr/bin/cc
OFFLOAD_TARGET_NAMES=nvptx-none:hsa
OFFLOAD_TARGET_DEFAULT=1
Target: x86_64-linux-gnu
Configured with: ../src/configure -v --with-pkgversion='Ubuntu 9.4.0-1ubuntu1~20.04.2' --with-bugurl=file:///usr/share/doc/gcc-9/README.Bugs --enable-languages=c,ada,c++,go,brig,d,fortran,objc,obj-c++,gm2 --prefix=/usr --with-gcc-major-version-only --program-suffix=-9 --program-prefix=x86_64-linux-gnu- --enable-shared --enable-linker-build-id --libexecdir=/usr/lib --without-included-gettext --enable-threads=posix --libdir=/usr/lib --enable-nls --enable-clocale=gnu --enable-libstdcxx-debug --enable-libstdcxx-time=yes --with-default-libstdcxx-abi=new --enable-gnu-unique-object --disable-vtable-verify --enable-plugin --enable-default-pie --with-system-zlib --with-target-system-zlib=auto --enable-objc-gc=auto --enable-multiarch --disable-werror --with-arch-32=i686 --with-abi=m64 --with-multilib-list=m32,m64,mx32 --enable-multilib --with-tune=generic --enable-offload-targets=nvptx-none=/build/gcc-9-9QDOt0/gcc-9-9.4.0/debian/tmp-nvptx/usr,hsa --without-cuda-driver --enable-checking=release --build=x86_64-linux-gnu --host=x86_64-linux-gnu --target=x86_64-linux-gnu
Thread model: posix
gcc version 9.4.0 (Ubuntu 9.4.0-1ubuntu1~20.04.2) 
COLLECT_GCC_OPTIONS='-v' '-o' 'CMakeFiles/cmTC_3b86e.dir/CMakeCCompilerABI.c.o' '-c' '-mtune=generic' '-march=x86-64'
 /usr/lib/gcc/x86_64-linux-gnu/9/cc1 -quiet -v -imultiarch x86_64-linux-gnu /usr/share/cmake-3.16/Modules/CMakeCCompilerABI.c -quiet -dumpbase CMakeCCompilerABI.c -mtune=generic -march=x86-64 -auxbase-strip CMakeFiles/cmTC_3b86e.dir/CMakeCCompilerABI.c.o -version -fasynchronous-unwind-tables -fstack-protector-strong -Wformat -Wformat-security -fstack-clash-protection -fcf-protection -o /tmp/ccsQSt3F.s
GNU C17 (Ubuntu 9.4.0-1ubuntu1~20.04.2) version 9.4.0 (x86_64-linux-gnu)
	compiled by GNU C version 9.4.0, GMP version 6.2.0, MPFR version 4.0.2, MPC version 1.1.0, isl version isl-0.22.1-GMP

warning: MPFR header version 4.0.2 differs from library version 4.2.0.
GGC heuristics: --param ggc-min-expand=100 --param ggc-min-heapsize=131072
ignoring nonexistent directory "/usr/local/include/x86_64-linux-gnu"
ignoring nonexistent directory "/usr/lib/gcc/x86_64-linux-gnu/9/include-fixed"
ignoring nonexistent directory "/usr/lib/gcc/x86_64-linux-gnu/9/../../../../x86_64-linux-gnu/include"
#include "..." search starts here:
#include <...> search starts here:
 /usr/lib/gcc/x86_64-linux-gnu/9/include
 /usr/local/include
 /usr/include/x86_64-linux-gnu
 /usr/include
End of search list.
GNU C17 (Ubuntu 9.4.0-1ubuntu1~20.04.2) version 9.4.0 (x86_64-linux-gnu)
	compiled by GNU C version 9.4.0, GMP version 6.2.0, MPFR version 4.0.2, MPC version 1.1.0, isl version isl-0.22.1-GMP

warning: MPFR header version 4.0.2 differs from library version 4.2.0.
GGC heuristics: --param ggc-min-expand=100 --param ggc-min-heapsize=131072
Compiler executable checksum: 01da938ff5dc2163489aa33cb3b747a7
COLLECT_GCC_OPTIONS='-v' '-o' 'CMakeFiles/cmTC_3b86e.dir/CMakeCCompilerABI.c.o' '-c' '-mtune=generic' '-march=x86-64'
 as -v --64 -o CMakeFiles/cmTC_3b86e.dir/CMakeCCompilerABI.c.o /tmp/ccsQSt3F.s
GNU assembler version 2.34 (x86_64-linux-gnu) using BFD version (GNU Binutils for Ubuntu) 2.34
COMPILER_PATH=/usr/lib/gcc/x86_64-linux-gnu/9/:/usr/lib/gcc/x86_64-linux-gnu/9/:/usr/lib/gcc/x86_64-linux-gnu/:/usr/lib/gcc/x86_64-linux-gnu/9/:/usr/lib/gcc/x86_64-linux-gnu/
LIBRARY_PATH=/usr/lib/gcc/x86_64-linux-gnu/9/:/usr/lib/gcc/x86_64-linux-gnu/9/../../../x86_64-linux-gnu/:/usr/lib/gcc/x86_64-linux-gnu/9/../../../../lib/:/lib/x86_64-linux-gnu/:/lib/../lib/:/usr/lib/x86_64-linux-gnu/:/usr/lib/../lib/:/usr/lib/gcc/x86_64-linux-gnu/9/../../../:/lib/:/usr/lib/
COLLECT_GCC_OPTIONS='-v' '-o' 'CMakeFiles/cmTC_3b86e.dir/CMakeCCompilerABI.c.o' '-c' '-mtune=generic' '-march=x86-64'
Linking C executable cmTC_3b86e
/usr/bin/cmake -E cmake_link_script CMakeFiles/cmTC_3b86e.dir/link.txt --verbose=1
/usr/bin/cc     -v CMakeFiles/cmTC_3b86e.dir/CMakeCCompilerABI.c.o  -o cmTC_3b86e 
Using built-in specs.
COLLECT_GCC=/usr/bin/cc
COLLECT_LTO_WRAPPER=/usr/lib/gcc/x86_64-linux-gnu/9/lto-wrapper
OFFLOAD_TARGET_NAMES=nvptx-none:hsa
OFFLOAD_TARGET_DEFAULT=1
Target: x86_64-linux-gnu
Configured with: ../src/configure -v --with-pkgversion='Ubuntu 9.4.0-1ubuntu1~20.04.2' --with-bugurl=file:///usr/share/doc/gcc-9/README.Bugs --enable-languages=c,ada,c++,go,brig,d,fortran,objc,obj-c++,gm2 --prefix=/usr --with-gcc-major-version-only --program-suffix=-9 --program-prefix=x86_64-linux-gnu- --enable-shared --enable-linker-build-id --libexecdir=/usr/lib --without-included-gettext --enable-threads=posix --libdir=/usr/lib --enable-nls --enable-clocale=gnu --enable-libstdcxx-debug --enable-libstdcxx-time=yes --with-default-libstdcxx-abi=new --enable-gnu-unique-object --disable-vtable-verify --enable-plugin --enable-default-pie --with-system-zlib --with-target-system-zlib=auto --enable-objc-gc=auto --enable-multiarch --disable-werror --with-arch-32=i686 --with-abi=m64 --with-multilib-list=m32,m64,mx32 --enable-multilib --with-tune=generic --enable-offload-targets=nvptx-none=/build/gcc-9-9QDOt0/gcc-9-9.4.0/debian/tmp-nvptx/usr,hsa --without-cuda-driver --enable-checking=release --build=x86_64-linux-gnu --host=x86_64-linux-gnu --target=x86_64-linux-gnu
Thread model: posix
gcc version 9.4.0 (Ubuntu 9.4.0-1ubuntu1~20.04.2) 
COMPILER_PATH=/usr/lib/gcc/x86_64-linux-gnu/9/:/usr/lib/gcc/x86_64-linux-gnu/9/:/usr/lib/gcc/x86_64-linux-gnu/:/usr/lib/gcc/x86_64-linux-gnu/9/:/usr/lib/gcc/x86_64-linux-gnu/
LIBRARY_PATH=/usr/lib/gcc/x86_64-linux-gnu/9/:/usr/lib/gcc/x86_64-linux-gnu/9/../../../x86_64-linux-gnu/:/usr/lib/gcc/x86_64-linux-gnu/9/../../../../lib/:/lib/x86_64-linux-gnu/:/lib/../lib/:/usr/lib/x86_64-linux-gnu/:/usr/lib/../lib/:/usr/lib/gcc/x86_64-linux-gnu/9/../../../:/lib/:/usr/lib/
COLLECT_GCC_OPTIONS='-v' '-o' 'cmTC_3b86e' '-mtune=generic' '-march=x86-64'
 /usr/lib/gcc/x86_64-linux-gnu/9/collect2 -plugin /usr/lib/gcc/x86_64-linux-gnu/9/liblto_plugin.so -plugin-opt=/usr/lib/gcc/x86_64-linux-gnu/9/lto-wrapper -plugin-opt=-fresolution=/tmp/ccaJesH7.res -plugin-opt=-pass-through=-lgcc -plugin-opt=-pass-through=-lgcc_s -plugin-opt=-pass-through=-lc -plugin-opt=-pass-through=-lgcc -plugin-opt=-pass-through=-lgcc_s --build-id --eh-frame-hdr -m elf_x86_64 --hash-style=gnu --as-needed -dynamic-linker /lib64/ld-linux-x86-64.so.2 -pie -z now -z relro -o cmTC_3b86e /usr/lib/gcc/x86_64-linux-gnu/9/../../../x86_64-linux-gnu/Scrt1.o /usr/lib/gcc/x86_64-linux-gnu/9/../../../x86_64-linux-gnu/crti.o /usr/lib/gcc/x86_64-linux-gnu/9/crtbeginS.o -L/usr/lib/gcc/x86_64-linux-gnu/9 -L/usr/lib/gcc/x86_64-linux-gnu/9/../../../x86_64-linux-gnu -L/usr/lib/gcc/x86_64-linux-gnu/9/../../../../lib -L/lib/x86_64-linux-gnu -L/lib/../lib -L/usr/lib/x86_64-linux-gnu -L/usr/lib/../lib -L/usr/lib/gcc/x86_64-linux-gnu/9/../../.. CMakeFiles/cmTC_3b86e.dir/CMakeCCompilerABI.c.o -lgcc --push-state --as-needed -lgcc_s --pop-state -lc -lgcc --push-state --as-needed -lgcc_s --pop-state /usr/lib/gcc/x86_64-linux-gnu/9/crtendS.o /usr/lib/gcc/x86_64-linux-gnu/9/../../../x86_64-linux-gnu/crtn.o
COLLECT_GCC_OPTIONS='-v' '-o' 'cmTC_3b86e' '-mtune=generic' '-march=x86-64'
make[1]: Leaving directory '/home/zou/Documents/DFIKOS/Build/CMakeFiles/CMakeTmp'



Parsed C implicit include dir info from above output: rv=done
  found start of include info
  found start of implicit include info
    add: [/usr/lib/gcc/x86_64-linux-gnu/9/include]
    add: [/usr/local/include]
    add: [/usr/include/x86_64-linux-gnu]
    add: [/usr/include]
  end of search list found
  collapse include dir [/usr/lib/gcc/x86_64-linux-gnu/9/include] ==> [/usr/lib/gcc/x86_64-linux-gnu/9/include]
  collapse include dir [/usr/local/include] ==> [/usr/local/include]
  collapse include dir [/usr/include/x86_64-linux-gnu] ==> [/usr/include/x86_64-linux-gnu]
  collapse include dir [/usr/include] ==> [/usr/include]
  implicit include dirs: [/usr/lib/gcc/x86_64-linux-gnu/9/include;/usr/local/include;/usr/include/x86_64-linux-gnu;/usr/include]


Parsed C implicit link information from above output:
  link line regex: [^( *|.*[/\])(ld|CMAKE_LINK_STARTFILE-NOTFOUND|([^/\]+-)?ld|collect2)[^/\]*( |$)]
  ignore line: [Change Dir: /home/zou/Documents/DFIKOS/Build/CMakeFiles/CMakeTmp]
  ignore line: []
  ignore line: [Run Build Command(s):/usr/bin/make cmTC_3b86e/fast && /usr/bin/make -f CMakeFiles/cmTC_3b86e.dir/build.make CMakeFiles/cmTC_3b86e.dir/build]
  ignore line: [make[1]: Entering directory '/home/zou/Documents/DFIKOS/Build/CMakeFiles/CMakeTmp']
  ignore line: [Building C object CMakeFiles/cmTC_3b86e.dir/CMakeCCompilerABI.c.o]
  ignore line: [/usr/bin/cc   -v -o CMakeFiles/cmTC_3b86e.dir/CMakeCCompilerABI.c.o   -c /usr/share/cmake-3.16/Modules/CMakeCCompilerABI.c]
  ignore line: [Using built-in specs.]
  ignore line: [COLLECT_GCC=/usr/bin/cc]
  ignore line: [OFFLOAD_TARGET_NAMES=nvptx-none:hsa]
  ignore line: [OFFLOAD_TARGET_DEFAULT=1]
  ignore line: [Target: x86_64-linux-gnu]
  ignore line: [Configured with: ../src/configure -v --with-pkgversion='Ubuntu 9.4.0-1ubuntu1~20.04.2' --with-bugurl=file:///usr/share/doc/gcc-9/README.Bugs --enable-languages=c ada c++ go brig d fortran objc obj-c++ gm2 --prefix=/usr --with-gcc-major-version-only --program-suffix=-9 --program-prefix=x86_64-linux-gnu- --enable-shared --enable-linker-build-id --libexecdir=/usr/lib --without-included-gettext --enable-threads=posix --libdir=/usr/lib --enable-nls --enable-clocale=gnu --enable-libstdcxx-debug --enable-libstdcxx-time=yes --with-default-libstdcxx-abi=new --enable-gnu-unique-object --disable-vtable-verify --enable-plugin --enable-default-pie --with-system-zlib --with-target-system-zlib=auto --enable-objc-gc=auto --enable-multiarch --disable-werror --with-arch-32=i686 --with-abi=m64 --with-multilib-list=m32 m64 mx32 --enable-multilib --with-tune=generic --enable-offload-targets=nvptx-none=/build/gcc-9-9QDOt0/gcc-9-9.4.0/debian/tmp-nvptx/usr hsa --without-cuda-driver --enable-checking=release --build=x86_64-linux-gnu --host=x86_64-linux-gnu --target=x86_64-linux-gnu]
  ignore line: [Thread model: posix]
  ignore line: [gcc version 9.4.0 (Ubuntu 9.4.0-1ubuntu1~20.04.2) ]
  ignore line: [COLLECT_GCC_OPTIONS='-v' '-o' 'CMakeFiles/cmTC_3b86e.dir/CMakeCCompilerABI.c.o' '-c' '-mtune=generic' '-march=x86-64']
  ignore line: [ /usr/lib/gcc/x86_64-linux-gnu/9/cc1 -quiet -v -imultiarch x86_64-linux-gnu /usr/share/cmake-3.16/Modules/CMakeCCompilerABI.c -quiet -dumpbase CMakeCCompilerABI.c -mtune=generic -march=x86-64 -auxbase-strip CMakeFiles/cmTC_3b86e.dir/CMakeCCompilerABI.c.o -version -fasynchronous-unwind-tables -fstack-protector-strong -Wformat -Wformat-security -fstack-clash-protection -fcf-protection -o /tmp/ccsQSt3F.s]
  ignore line: [GNU C17 (Ubuntu 9.4.0-1ubuntu1~20.04.2) version 9.4.0 (x86_64-linux-gnu)]
  ignore line: [	compiled by GNU C version 9.4.0  GMP version 6.2.0  MPFR version 4.0.2  MPC version 1.1.0  isl version isl-0.22.1-GMP]
  ignore line: []
  ignore line: [warning: MPFR header version 4.0.2 differs from library version 4.2.0.]
  ignore line: [GGC heuristics: --param ggc-min-expand=100 --param ggc-min-heapsize=131072]
  ignore line: [ignoring nonexistent directory "/usr/local/include/x86_64-linux-gnu"]
  ignore line: [ignoring nonexistent directory "/usr/lib/gcc/x86_64-linux-gnu/9/include-fixed"]
  ignore line: [ignoring nonexistent directory "/usr/lib/gcc/x86_64-linux-gnu/9/../../../../x86_64-linux-gnu/include"]
  ignore line: [#include "..." search starts here:]
  ignore line: [#include <...> search starts here:]
  ignore line: [ /usr/lib/gcc/x86_64-linux-gnu/9/include]
  ignore line: [ /usr/local/include]
  ignore line: [ /usr/include/x86_64-linux-gnu]
  ignore line: [ /usr/include]
  ignore line: [End of search list.]
  ignore line: [GNU C17 (Ubuntu 9.4.0-1ubuntu1~20.04.2) version 9.4.0 (x86_64-linux-gnu)]
  ignore line: [	compiled by GNU C version 9.4.0  GMP version 6.2.0  MPFR version 4.0.2  MPC version 1.1.0  isl version isl-0.22.1-GMP]
  ignore line: []
  ignore line: [warning: MPFR header version 4.0.2 differs from library version 4.2.0.]
  ignore line: [GGC heuristics: --param ggc-min-expand=100 --param ggc-min-heapsize=131072]
  ignore line: [Compiler executable checksum: 01da938ff5dc2163489aa33cb3b747a7]
  ignore line: [COLLECT_GCC_OPTIONS='-v' '-o' 'CMakeFiles/cmTC_3b86e.dir/CMakeCCompilerABI.c.o' '-c' '-mtune=generic' '-march=x86-64']
  ignore line: [ as -v --64 -o CMakeFiles/cmTC_3b86e.dir/CMakeCCompilerABI.c.o /tmp/ccsQSt3F.s]
  ignore line: [GNU assembler version 2.34 (x86_64-linux-gnu) using BFD version (GNU Binutils for Ubuntu) 2.34]
  ignore line: [COMPILER_PATH=/usr/lib/gcc/x86_64-linux-gnu/9/:/usr/lib/gcc/x86_64-linux-gnu/9/:/usr/lib/gcc/x86_64-linux-gnu/:/usr/lib/gcc/x86_64-linux-gnu/9/:/usr/lib/gcc/x86_64-linux-gnu/]
  ignore line: [LIBRARY_PATH=/usr/lib/gcc/x86_64-linux-gnu/9/:/usr/lib/gcc/x86_64-linux-gnu/9/../../../x86_64-linux-gnu/:/usr/lib/gcc/x86_64-linux-gnu/9/../../../../lib/:/lib/x86_64-linux-gnu/:/lib/../lib/:/usr/lib/x86_64-linux-gnu/:/usr/lib/../lib/:/usr/lib/gcc/x86_64-linux-gnu/9/../../../:/lib/:/usr/lib/]
  ignore line: [COLLECT_GCC_OPTIONS='-v' '-o' 'CMakeFiles/cmTC_3b86e.dir/CMakeCCompilerABI.c.o' '-c' '-mtune=generic' '-march=x86-64']
  ignore line: [Linking C executable cmTC_3b86e]
  ignore line: [/usr/bin/cmake -E cmake_link_script CMakeFiles/cmTC_3b86e.dir/link.txt --verbose=1]
  ignore line: [/usr/bin/cc     -v CMakeFiles/cmTC_3b86e.dir/CMakeCCompilerABI.c.o  -o cmTC_3b86e ]
  ignore line: [Using built-in specs.]
  ignore line: [COLLECT_GCC=/usr/bin/cc]
  ignore line: [COLLECT_LTO_WRAPPER=/usr/lib/gcc/x86_64-linux-gnu/9/lto-wrapper]
  ignore line: [OFFLOAD_TARGET_NAMES=nvptx-none:hsa]
  ignore line: [OFFLOAD_TARGET_DEFAULT=1]
  ignore line: [Target: x86_64-linux-gnu]
  ignore line: [Configured with: ../src/configure -v --with-pkgversion='Ubuntu 9.4.0-1ubuntu1~20.04.2' --with-bugurl=file:///usr/share/doc/gcc-9/README.Bugs --enable-languages=c ada c++ go brig d fortran objc obj-c++ gm2 --prefix=/usr --with-gcc-major-version-only --program-suffix=-9 --program-prefix=x86_64-linux-gnu- --enable-shared --enable-linker-build-id --libexecdir=/usr/lib --without-included-gettext --enable-threads=posix --libdir=/usr/lib --enable-nls --enable-clocale=gnu --enable-libstdcxx-debug --enable-libstdcxx-time=yes --with-default-libstdcxx-abi=new --enable-gnu-unique-object --disable-vtable-verify --enable-plugin --enable-default-pie --with-system-zlib --with-target-system-zlib=auto --enable-objc-gc=auto --enable-multiarch --disable-werror --with-arch-32=i686 --with-abi=m64 --with-multilib-list=m32 m64 mx32 --enable-multilib --with-tune=generic --enable-offload-targets=nvptx-none=/build/gcc-9-9QDOt0/gcc-9-9.4.0/debian/tmp-nvptx/usr hsa --without-cuda-driver --enable-checking=release --build=x86_64-linux-gnu --host=x86_64-linux-gnu --target=x86_64-linux-gnu]
  ignore line: [Thread model: posix]
  ignore line: [gcc version 9.4.0 (Ubuntu 9.4.0-1ubuntu1~20.04.2) ]
  ignore line: [COMPILER_PATH=/usr/lib/gcc/x86_64-linux-gnu/9/:/usr/lib/gcc/x86_64-linux-gnu/9/:/usr/lib/gcc/x86_64-linux-gnu/:/usr/lib/gcc/x86_64-linux-gnu/9/:/usr/lib/gcc/x86_64-linux-gnu/]
  ignore line: [LIBRARY_PATH=/usr/lib/gcc/x86_64-linux-gnu/9/:/usr/lib/gcc/x86_64-linux-gnu/9/../../../x86_64-linux-gnu/:/usr/lib/gcc/x86_64-linux-gnu/9/../../../../lib/:/lib/x86_64-linux-gnu/:/lib/../lib/:/usr/lib/x86_64-linux-gnu/:/usr/lib/../lib/:/usr/lib/gcc/x86_64-linux-gnu/9/../../../:/lib/:/usr/lib/]
  ignore line: [COLLECT_GCC_OPTIONS='-v' '-o' 'cmTC_3b86e' '-mtune=generic' '-march=x86-64']
  link line: [ /usr/lib/gcc/x86_64-linux-gnu/9/collect2 -plugin /usr/lib/gcc/x86_64-linux-gnu/9/liblto_plugin.so -plugin-opt=/usr/lib/gcc/x86_64-linux-gnu/9/lto-wrapper -plugin-opt=-fresolution=/tmp/ccaJesH7.res -plugin-opt=-pass-through=-lgcc -plugin-opt=-pass-through=-lgcc_s -plugin-opt=-pass-through=-lc -plugin-opt=-pass-through=-lgcc -plugin-opt=-pass-through=-lgcc_s --build-id --eh-frame-hdr -m elf_x86_64 --hash-style=gnu --as-needed -dynamic-linker /lib64/ld-linux-x86-64.so.2 -pie -z now -z relro -o cmTC_3b86e /usr/lib/gcc/x86_64-linux-gnu/9/../../../x86_64-linux-gnu/Scrt1.o /usr/lib/gcc/x86_64-linux-gnu/9/../../../x86_64-linux-gnu/crti.o /usr/lib/gcc/x86_64-linux-gnu/9/crtbeginS.o -L/usr/lib/gcc/x86_64-linux-gnu/9 -L/usr/lib/gcc/x86_64-linux-gnu/9/../../../x86_64-linux-gnu -L/usr/lib/gcc/x86_64-linux-gnu/9/../../../../lib -L/lib/x86_64-linux-gnu -L/lib/../lib -L/usr/lib/x86_64-linux-gnu -L/usr/lib/../lib -L/usr/lib/gcc/x86_64-linux-gnu/9/../../.. CMakeFiles/cmTC_3b86e.dir/CMakeCCompilerABI.c.o -lgcc --push-state --as-needed -lgcc_s --pop-state -lc -lgcc --push-state --as-needed -lgcc_s --pop-state /usr/lib/gcc/x86_64-linux-gnu/9/crtendS.o /usr/lib/gcc/x86_64-linux-gnu/9/../../../x86_64-linux-gnu/crtn.o]
    arg [/usr/lib/gcc/x86_64-linux-gnu/9/collect2] ==> ignore
    arg [-plugin] ==> ignore
    arg [/usr/lib/gcc/x86_64-linux-gnu/9/liblto_plugin.so] ==> ignore
    arg [-plugin-opt=/usr/lib/gcc/x86_64-linux-gnu/9/lto-wrapper] ==> ignore
    arg [-plugin-opt=-fresolution=/tmp/ccaJesH7.res] ==> ignore
    arg [-plugin-opt=-pass-through=-lgcc] ==> ignore
    arg [-plugin-opt=-pass-through=-lgcc_s] ==> ignore
    arg [-plugin-opt=-pass-through=-lc] ==> ignore
    arg [-plugin-opt=-pass-through=-lgcc] ==> ignore
    arg [-plugin-opt=-pass-through=-lgcc_s] ==> ignore
    arg [--build-id] ==> ignore
    arg [--eh-frame-hdr] ==> ignore
    arg [-m] ==> ignore
    arg [elf_x86_64] ==> ignore
    arg [--hash-style=gnu] ==> ignore
    arg [--as-needed] ==> ignore
    arg [-dynamic-linker] ==> ignore
    arg [/lib64/ld-linux-x86-64.so.2] ==> ignore
    arg [-pie] ==> ignore
    arg [-znow] ==> ignore
    arg [-zrelro] ==> ignore
    arg [-o] ==> ignore
    arg [cmTC_3b86e] ==> ignore
    arg [/usr/lib/gcc/x86_64-linux-gnu/9/../../../x86_64-linux-gnu/Scrt1.o] ==> ignore
    arg [/usr/lib/gcc/x86_64-linux-gnu/9/../../../x86_64-linux-gnu/crti.o] ==> ignore
    arg [/usr/lib/gcc/x86_64-linux-gnu/9/crtbeginS.o] ==> ignore
    arg [-L/usr/lib/gcc/x86_64-linux-gnu/9] ==> dir [/usr/lib/gcc/x86_64-linux-gnu/9]
    arg [-L/usr/lib/gcc/x86_64-linux-gnu/9/../../../x86_64-linux-gnu] ==> dir [/usr/lib/gcc/x86_64-linux-gnu/9/../../../x86_64-linux-gnu]
    arg [-L/usr/lib/gcc/x86_64-linux-gnu/9/../../../../lib] ==> dir [/usr/lib/gcc/x86_64-linux-gnu/9/../../../../lib]
    arg [-L/lib/x86_64-linux-gnu] ==> dir [/lib/x86_64-linux-gnu]
    arg [-L/lib/../lib] ==> dir [/lib/../lib]
    arg [-L/usr/lib/x86_64-linux-gnu] ==> dir [/usr/lib/x86_64-linux-gnu]
    arg [-L/usr/lib/../lib] ==> dir [/usr/lib/../lib]
    arg [-L/usr/lib/gcc/x86_64-linux-gnu/9/../../..] ==> dir [/usr/lib/gcc/x86_64-linux-gnu/9/../../..]
    arg [CMakeFiles/cmTC_3b86e.dir/CMakeCCompilerABI.c.o] ==> ignore
    arg [-lgcc] ==> lib [gcc]
    arg [--push-state] ==> ignore
    arg [--as-needed] ==> ignore
    arg [-lgcc_s] ==> lib [gcc_s]
    arg [--pop-state] ==> ignore
    arg [-lc] ==> lib [c]
    arg [-lgcc] ==> lib [gcc]
    arg [--push-state] ==> ignore
    arg [--as-needed] ==> ignore
    arg [-lgcc_s] ==> lib [gcc_s]
    arg [--pop-state] ==> ignore
    arg [/usr/lib/gcc/x86_64-linux-gnu/9/crtendS.o] ==> ignore
    arg [/usr/lib/gcc/x86_64-linux-gnu/9/../../../x86_64-linux-gnu/crtn.o] ==> ignore
  collapse library dir [/usr/lib/gcc/x86_64-linux-gnu/9] ==> [/usr/lib/gcc/x86_64-linux-gnu/9]
  collapse library dir [/usr/lib/gcc/x86_64-linux-gnu/9/../../../x86_64-linux-gnu] ==> [/usr/lib/x86_64-linux-gnu]
  collapse library dir [/usr/lib/gcc/x86_64-linux-gnu/9/../../../../lib] ==> [/usr/lib]
  collapse library dir [/lib/x86_64-linux-gnu] ==> [/lib/x86_64-linux-gnu]
  collapse library dir [/lib/../lib] ==> [/lib]
  collapse library dir [/usr/lib/x86_64-linux-gnu] ==> [/usr/lib/x86_64-linux-gnu]
  collapse library dir [/usr/lib/../lib] ==> [/usr/lib]
  collapse library dir [/usr/lib/gcc/x86_64-linux-gnu/9/../../..] ==> [/usr/lib]
  implicit libs: [gcc;gcc_s;c;gcc;gcc_s]
  implicit dirs: [/usr/lib/gcc/x86_64-linux-gnu/9;/usr/lib/x86_64-linux-gnu;/usr/lib;/lib/x86_64-linux-gnu;/lib]
  implicit fwks: []


Determining if the CXX compiler works passed with the following output:
Change Dir: /home/zou/Documents/DFIKOS/Build/CMakeFiles/CMakeTmp

Run Build Command(s):/usr/bin/make cmTC_24119/fast && /usr/bin/make -f CMakeFiles/cmTC_24119.dir/build.make CMakeFiles/cmTC_24119.dir/build
make[1]: Entering directory '/home/zou/Documents/DFIKOS/Build/CMakeFiles/CMakeTmp'
Building CXX object CMakeFiles/cmTC_24119.dir/testCXXCompiler.cxx.o
/usr/bin/c++     -o CMakeFiles/cmTC_24119.dir/testCXXCompiler.cxx.o -c /home/zou/Documents/DFIKOS/Build/CMakeFiles/CMakeTmp/testCXXCompiler.cxx
Linking CXX executable cmTC_24119
/usr/bin/cmake -E cmake_link_script CMakeFiles/cmTC_24119.dir/link.txt --verbose=1
/usr/bin/c++       CMakeFiles/cmTC_24119.dir/testCXXCompiler.cxx.o  -o cmTC_24119 
make[1]: Leaving directory '/home/zou/Documents/DFIKOS/Build/CMakeFiles/CMakeTmp'



Detecting CXX compiler ABI info compiled with the following output:
Change Dir: /home/zou/Documents/DFIKOS/Build/CMakeFiles/CMakeTmp

Run Build Command(s):/usr/bin/make cmTC_ce0d8/fast && /usr/bin/make -f CMakeFiles/cmTC_ce0d8.dir/build.make CMakeFiles/cmTC_ce0d8.dir/build
make[1]: Entering directory '/home/zou/Documents/DFIKOS/Build/CMakeFiles/CMakeTmp'
Building CXX object CMakeFiles/cmTC_ce0d8.dir/CMakeCXXCompilerABI.cpp.o
/usr/bin/c++    -v -o CMakeFiles/cmTC_ce0d8.dir/CMakeCXXCompilerABI.cpp.o -c /usr/share/cmake-3.16/Modules/CMakeCXXCompilerABI.cpp
Using built-in specs.
COLLECT_GCC=/usr/bin/c++
OFFLOAD_TARGET_NAMES=nvptx-none:hsa
OFFLOAD_TARGET_DEFAULT=1
Target: x86_64-linux-gnu
Configured with: ../src/configure -v --with-pkgversion='Ubuntu 9.4.0-1ubuntu1~20.04.2' --with-bugurl=file:///usr/share/doc/gcc-9/README.Bugs --enable-languages=c,ada,c++,go,brig,d,fortran,objc,obj-c++,gm2 --prefix=/usr --with-gcc-major-version-only --program-suffix=-9 --program-prefix=x86_64-linux-gnu- --enable-shared --enable-linker-build-id --libexecdir=/usr/lib --without-included-gettext --enable-threads=posix --libdir=/usr/lib --enable-nls --enable-clocale=gnu --enable-libstdcxx-debug --enable-libstdcxx-time=yes --with-default-libstdcxx-abi=new --enable-gnu-unique-object --disable-vtable-verify --enable-plugin --enable-default-pie --with-system-zlib --with-target-system-zlib=auto --enable-objc-gc=auto --enable-multiarch --disable-werror --with-arch-32=i686 --with-abi=m64 --with-multilib-list=m32,m64,mx32 --enable-multilib --with-tune=generic --enable-offload-targets=nvptx-none=/build/gcc-9-9QDOt0/gcc-9-9.4.0/debian/tmp-nvptx/usr,hsa --without-cuda-driver --enable-checking=release --build=x86_64-linux-gnu --host=x86_64-linux-gnu --target=x86_64-linux-gnu
Thread model: posix
gcc version 9.4.0 (Ubuntu 9.4.0-1ubuntu1~20.04.2) 
COLLECT_GCC_OPTIONS='-v' '-o' 'CMakeFiles/cmTC_ce0d8.dir/CMakeCXXCompilerABI.cpp.o' '-c' '-shared-libgcc' '-mtune=generic' '-march=x86-64'
 /usr/lib/gcc/x86_64-linux-gnu/9/cc1plus -quiet -v -imultiarch x86_64-linux-gnu -D_GNU_SOURCE /usr/share/cmake-3.16/Modules/CMakeCXXCompilerABI.cpp -quiet -dumpbase CMakeCXXCompilerABI.cpp -mtune=generic -march=x86-64 -auxbase-strip CMakeFiles/cmTC_ce0d8.dir/CMakeCXXCompilerABI.cpp.o -version -fasynchronous-unwind-tables -fstack-protector-strong -Wformat -Wformat-security -fstack-clash-protection -fcf-protection -o /tmp/ccTs23iG.s
GNU C++14 (Ubuntu 9.4.0-1ubuntu1~20.04.2) version 9.4.0 (x86_64-linux-gnu)
	compiled by GNU C version 9.4.0, GMP version 6.2.0, MPFR version 4.0.2, MPC version 1.1.0, isl version isl-0.22.1-GMP

warning: MPFR header version 4.0.2 differs from library version 4.2.0.
GGC heuristics: --param ggc-min-expand=100 --param ggc-min-heapsize=131072
ignoring duplicate directory "/usr/include/x86_64-linux-gnu/c++/9"
ignoring nonexistent directory "/usr/local/include/x86_64-linux-gnu"
ignoring nonexistent directory "/usr/lib/gcc/x86_64-linux-gnu/9/include-fixed"
ignoring nonexistent directory "/usr/lib/gcc/x86_64-linux-gnu/9/../../../../x86_64-linux-gnu/include"
#include "..." search starts here:
#include <...> search starts here:
 /usr/include/c++/9
 /usr/include/x86_64-linux-gnu/c++/9
 /usr/include/c++/9/backward
 /usr/lib/gcc/x86_64-linux-gnu/9/include
 /usr/local/include
 /usr/include/x86_64-linux-gnu
 /usr/include
End of search list.
GNU C++14 (Ubuntu 9.4.0-1ubuntu1~20.04.2) version 9.4.0 (x86_64-linux-gnu)
	compiled by GNU C version 9.4.0, GMP version 6.2.0, MPFR version 4.0.2, MPC version 1.1.0, isl version isl-0.22.1-GMP

warning: MPFR header version 4.0.2 differs from library version 4.2.0.
GGC heuristics: --param ggc-min-expand=100 --param ggc-min-heapsize=131072
Compiler executable checksum: 3d1eba838554fa2348dba760e4770469
COLLECT_GCC_OPTIONS='-v' '-o' 'CMakeFiles/cmTC_ce0d8.dir/CMakeCXXCompilerABI.cpp.o' '-c' '-shared-libgcc' '-mtune=generic' '-march=x86-64'
 as -v --64 -o CMakeFiles/cmTC_ce0d8.dir/CMakeCXXCompilerABI.cpp.o /tmp/ccTs23iG.s
GNU assembler version 2.34 (x86_64-linux-gnu) using BFD version (GNU Binutils for Ubuntu) 2.34
COMPILER_PATH=/usr/lib/gcc/x86_64-linux-gnu/9/:/usr/lib/gcc/x86_64-linux-gnu/9/:/usr/lib/gcc/x86_64-linux-gnu/:/usr/lib/gcc/x86_64-linux-gnu/9/:/usr/lib/gcc/x86_64-linux-gnu/
LIBRARY_PATH=/usr/lib/gcc/x86_64-linux-gnu/9/:/usr/lib/gcc/x86_64-linux-gnu/9/../../../x86_64-linux-gnu/:/usr/lib/gcc/x86_64-linux-gnu/9/../../../../lib/:/lib/x86_64-linux-gnu/:/lib/../lib/:/usr/lib/x86_64-linux-gnu/:/usr/lib/../lib/:/usr/lib/gcc/x86_64-linux-gnu/9/../../../:/lib/:/usr/lib/
COLLECT_GCC_OPTIONS='-v' '-o' 'CMakeFiles/cmTC_ce0d8.dir/CMakeCXXCompilerABI.cpp.o' '-c' '-shared-libgcc' '-mtune=generic' '-march=x86-64'
Linking CXX executable cmTC_ce0d8
/usr/bin/cmake -E cmake_link_script CMakeFiles/cmTC_ce0d8.dir/link.txt --verbose=1
/usr/bin/c++      -v CMakeFiles/cmTC_ce0d8.dir/CMakeCXXCompilerABI.cpp.o  -o cmTC_ce0d8 
Using built-in specs.
COLLECT_GCC=/usr/bin/c++
COLLECT_LTO_WRAPPER=/usr/lib/gcc/x86_64-linux-gnu/9/lto-wrapper
OFFLOAD_TARGET_NAMES=nvptx-none:hsa
OFFLOAD_TARGET_DEFAULT=1
Target: x86_64-linux-gnu
Configured with: ../src/configure -v --with-pkgversion='Ubuntu 9.4.0-1ubuntu1~20.04.2' --with-bugurl=file:///usr/share/doc/gcc-9/README.Bugs --enable-languages=c,ada,c++,go,brig,d,fortran,objc,obj-c++,gm2 --prefix=/usr --with-gcc-major-version-only --program-suffix=-9 --program-prefix=x86_64-linux-gnu- --enable-shared --enable-linker-build-id --libexecdir=/usr/lib --without-included-gettext --enable-threads=posix --libdir=/usr/lib --enable-nls --enable-clocale=gnu --enable-libstdcxx-debug --enable-libstdcxx-time=yes --with-default-libstdcxx-abi=new --enable-gnu-unique-object --disable-vtable-verify --enable-plugin --enable-default-pie --with-system-zlib --with-target-system-zlib=auto --enable-objc-gc=auto --enable-multiarch --disable-werror --with-arch-32=i686 --with-abi=m64 --with-multilib-list=m32,m64,mx32 --enable-multilib --with-tune=generic --enable-offload-targets=nvptx-none=/build/gcc-9-9QDOt0/gcc-9-9.4.0/debian/tmp-nvptx/usr,hsa --without-cuda-driver --enable-checking=release --build=x86_64-linux-gnu --host=x86_64-linux-gnu --target=x86_64-linux-gnu
Thread model: posix
gcc version 9.4.0 (Ubuntu 9.4.0-1ubuntu1~20.04.2) 
COMPILER_PATH=/usr/lib/gcc/x86_64-linux-gnu/9/:/usr/lib/gcc/x86_64-linux-gnu/9/:/usr/lib/gcc/x86_64-linux-gnu/:/usr/lib/gcc/x86_64-linux-gnu/9/:/usr/lib/gcc/x86_64-linux-gnu/
LIBRARY_PATH=/usr/lib/gcc/x86_64-linux-gnu/9/:/usr/lib/gcc/x86_64-linux-gnu/9/../../../x86_64-linux-gnu/:/usr/lib/gcc/x86_64-linux-gnu/9/../../../../lib/:/lib/x86_64-linux-gnu/:/lib/../lib/:/usr/lib/x86_64-linux-gnu/:/usr/lib/../lib/:/usr/lib/gcc/x86_64-linux-gnu/9/../../../:/lib/:/usr/lib/
COLLECT_GCC_OPTIONS='-v' '-o' 'cmTC_ce0d8' '-shared-libgcc' '-mtune=generic' '-march=x86-64'
 /usr/lib/gcc/x86_64-linux-gnu/9/collect2 -plugin /usr/lib/gcc/x86_64-linux-gnu/9/liblto_plugin.so -plugin-opt=/usr/lib/gcc/x86_64-linux-gnu/9/lto-wrapper -plugin-opt=-fresolution=/tmp/cchlzJg8.res -plugin-opt=-pass-through=-lgcc_s -plugin-opt=-pass-through=-lgcc -plugin-opt=-pass-through=-lc -plugin-opt=-pass-through=-lgcc_s -plugin-opt=-pass-through=-lgcc --build-id --eh-frame-hdr -m elf_x86_64 --hash-style=gnu --as-needed -dynamic-linker /lib64/ld-linux-x86-64.so.2 -pie -z now -z relro -o cmTC_ce0d8 /usr/lib/gcc/x86_64-linux-gnu/9/../../../x86_64-linux-gnu/Scrt1.o /usr/lib/gcc/x86_64-linux-gnu/9/../../../x86_64-linux-gnu/crti.o /usr/lib/gcc/x86_64-linux-gnu/9/crtbeginS.o -L/usr/lib/gcc/x86_64-linux-gnu/9 -L/usr/lib/gcc/x86_64-linux-gnu/9/../../../x86_64-linux-gnu -L/usr/lib/gcc/x86_64-linux-gnu/9/../../../../lib -L/lib/x86_64-linux-gnu -L/lib/../lib -L/usr/lib/x86_64-linux-gnu -L/usr/lib/../lib -L/usr/lib/gcc/x86_64-linux-gnu/9/../../.. CMakeFiles/cmTC_ce0d8.dir/CMakeCXXCompilerABI.cpp.o -lstdc++ -lm -lgcc_s -lgcc -lc -lgcc_s -lgcc /usr/lib/gcc/x86_64-linux-gnu/9/crtendS.o /usr/lib/gcc/x86_64-linux-gnu/9/../../../x86_64-linux-gnu/crtn.o
COLLECT_GCC_OPTIONS='-v' '-o' 'cmTC_ce0d8' '-shared-libgcc' '-mtune=generic' '-march=x86-64'
make[1]: Leaving directory '/home/zou/Documents/DFIKOS/Build/CMakeFiles/CMakeTmp'



Parsed CXX implicit include dir info from above output: rv=done
  found start of include info
  found start of implicit include info
    add: [/usr/include/c++/9]
    add: [/usr/include/x86_64-linux-gnu/c++/9]
    add: [/usr/include/c++/9/backward]
    add: [/usr/lib/gcc/x86_64-linux-gnu/9/include]
    add: [/usr/local/include]
    add: [/usr/include/x86_64-linux-gnu]
    add: [/usr/include]
  end of search list found
  collapse include dir [/usr/include/c++/9] ==> [/usr/include/c++/9]
  collapse include dir [/usr/include/x86_64-linux-gnu/c++/9] ==> [/usr/include/x86_64-linux-gnu/c++/9]
  collapse include dir [/usr/include/c++/9/backward] ==> [/usr/include/c++/9/backward]
  collapse include dir [/usr/lib/gcc/x86_64-linux-gnu/9/include] ==> [/usr/lib/gcc/x86_64-linux-gnu/9/include]
  collapse include dir [/usr/local/include] ==> [/usr/local/include]
  collapse include dir [/usr/include/x86_64-linux-gnu] ==> [/usr/include/x86_64-linux-gnu]
  collapse include dir [/usr/include] ==> [/usr/include]
  implicit include dirs: [/usr/include/c++/9;/usr/include/x86_64-linux-gnu/c++/9;/usr/include/c++/9/backward;/usr/lib/gcc/x86_64-linux-gnu/9/include;/usr/local/include;/usr/include/x86_64-linux-gnu;/usr/include]


Parsed CXX implicit link information from above output:
  link line regex: [^( *|.*[/\])(ld|CMAKE_LINK_STARTFILE-NOTFOUND|([^/\]+-)?ld|collect2)[^/\]*( |$)]
  ignore line: [Change Dir: /home/zou/Documents/DFIKOS/Build/CMakeFiles/CMakeTmp]
  ignore line: []
  ignore line: [Run Build Command(s):/usr/bin/make cmTC_ce0d8/fast && /usr/bin/make -f CMakeFiles/cmTC_ce0d8.dir/build.make CMakeFiles/cmTC_ce0d8.dir/build]
  ignore line: [make[1]: Entering directory '/home/zou/Documents/DFIKOS/Build/CMakeFiles/CMakeTmp']
  ignore line: [Building CXX object CMakeFiles/cmTC_ce0d8.dir/CMakeCXXCompilerABI.cpp.o]
  ignore line: [/usr/bin/c++    -v -o CMakeFiles/cmTC_ce0d8.dir/CMakeCXXCompilerABI.cpp.o -c /usr/share/cmake-3.16/Modules/CMakeCXXCompilerABI.cpp]
  ignore line: [Using built-in specs.]
  ignore line: [COLLECT_GCC=/usr/bin/c++]
  ignore line: [OFFLOAD_TARGET_NAMES=nvptx-none:hsa]
  ignore line: [OFFLOAD_TARGET_DEFAULT=1]
  ignore line: [Target: x86_64-linux-gnu]
  ignore line: [Configured with: ../src/configure -v --with-pkgversion='Ubuntu 9.4.0-1ubuntu1~20.04.2' --with-bugurl=file:///usr/share/doc/gcc-9/README.Bugs --enable-languages=c ada c++ go brig d fortran objc obj-c++ gm2 --prefix=/usr --with-gcc-major-version-only --program-suffix=-9 --program-prefix=x86_64-linux-gnu- --enable-shared --enable-linker-build-id --libexecdir=/usr/lib --without-included-gettext --enable-threads=posix --libdir=/usr/lib --enable-nls --enable-clocale=gnu --enable-libstdcxx-debug --enable-libstdcxx-time=yes --with-default-libstdcxx-abi=new --enable-gnu-unique-object --disable-vtable-verify --enable-plugin --enable-default-pie --with-system-zlib --with-target-system-zlib=auto --enable-objc-gc=auto --enable-multiarch --disable-werror --with-arch-32=i686 --with-abi=m64 --with-multilib-list=m32 m64 mx32 --enable-multilib --with-tune=generic --enable-offload-targets=nvptx-none=/build/gcc-9-9QDOt0/gcc-9-9.4.0/debian/tmp-nvptx/usr hsa --without-cuda-driver --enable-checking=release --build=x86_64-linux-gnu --host=x86_64-linux-gnu --target=x86_64-linux-gnu]
  ignore line: [Thread model: posix]
  ignore line: [gcc version 9.4.0 (Ubuntu 9.4.0-1ubuntu1~20.04.2) ]
  ignore line: [COLLECT_GCC_OPTIONS='-v' '-o' 'CMakeFiles/cmTC_ce0d8.dir/CMakeCXXCompilerABI.cpp.o' '-c' '-shared-libgcc' '-mtune=generic' '-march=x86-64']
  ignore line: [ /usr/lib/gcc/x86_64-linux-gnu/9/cc1plus -quiet -v -imultiarch x86_64-linux-gnu -D_GNU_SOURCE /usr/share/cmake-3.16/Modules/CMakeCXXCompilerABI.cpp -quiet -dumpbase CMakeCXXCompilerABI.cpp -mtune=generic -march=x86-64 -auxbase-strip CMakeFiles/cmTC_ce0d8.dir/CMakeCXXCompilerABI.cpp.o -version -fasynchronous-unwind-tables -fstack-protector-strong -Wformat -Wformat-security -fstack-clash-protection -fcf-protection -o /tmp/ccTs23iG.s]
  ignore line: [GNU C++14 (Ubuntu 9.4.0-1ubuntu1~20.04.2) version 9.4.0 (x86_64-linux-gnu)]
  ignore line: [	compiled by GNU C version 9.4.0  GMP version 6.2.0  MPFR version 4.0.2  MPC version 1.1.0  isl version isl-0.22.1-GMP]
  ignore line: []
  ignore line: [warning: MPFR header version 4.0.2 differs from library version 4.2.0.]
  ignore line: [GGC heuristics: --param ggc-min-expand=100 --param ggc-min-heapsize=131072]
  ignore line: [ignoring duplicate directory "/usr/include/x86_64-linux-gnu/c++/9"]
  ignore line: [ignoring nonexistent directory "/usr/local/include/x86_64-linux-gnu"]
  ignore line: [ignoring nonexistent directory "/usr/lib/gcc/x86_64-linux-gnu/9/include-fixed"]
  ignore line: [ignoring nonexistent directory "/usr/lib/gcc/x86_64-linux-gnu/9/../../../../x86_64-linux-gnu/include"]
  ignore line: [#include "..." search starts here:]
  ignore line: [#include <...> search starts here:]
  ignore line: [ /usr/include/c++/9]
  ignore line: [ /usr/include/x86_64-linux-gnu/c++/9]
  ignore line: [ /usr/include/c++/9/backward]
  ignore line: [ /usr/lib/gcc/x86_64-linux-gnu/9/include]
  ignore line: [ /usr/local/include]
  ignore line: [ /usr/include/x86_64-linux-gnu]
  ignore line: [ /usr/include]
  ignore line: [End of search list.]
  ignore line: [GNU C++14 (Ubuntu 9.4.0-1ubuntu1~20.04.2) version 9.4.0 (x86_64-linux-gnu)]
  ignore line: [	compiled by GNU C version 9.4.0  GMP version 6.2.0  MPFR version 4.0.2  MPC version 1.1.0  isl version isl-0.22.1-GMP]
  ignore line: []
  ignore line: [warning: MPFR header version 4.0.2 differs from library version 4.2.0.]
  ignore line: [GGC heuristics: --param ggc-min-expand=100 --param ggc-min-heapsize=131072]
  ignore line: [Compiler executable checksum: 3d1eba838554fa2348dba760e4770469]
  ignore line: [COLLECT_GCC_OPTIONS='-v' '-o' 'CMakeFiles/cmTC_ce0d8.dir/CMakeCXXCompilerABI.cpp.o' '-c' '-shared-libgcc' '-mtune=generic' '-march=x86-64']
  ignore line: [ as -v --64 -o CMakeFiles/cmTC_ce0d8.dir/CMakeCXXCompilerABI.cpp.o /tmp/ccTs23iG.s]
  ignore line: [GNU assembler version 2.34 (x86_64-linux-gnu) using BFD version (GNU Binutils for Ubuntu) 2.34]
  ignore line: [COMPILER_PATH=/usr/lib/gcc/x86_64-linux-gnu/9/:/usr/lib/gcc/x86_64-linux-gnu/9/:/usr/lib/gcc/x86_64-linux-gnu/:/usr/lib/gcc/x86_64-linux-gnu/9/:/usr/lib/gcc/x86_64-linux-gnu/]
  ignore line: [LIBRARY_PATH=/usr/lib/gcc/x86_64-linux-gnu/9/:/usr/lib/gcc/x86_64-linux-gnu/9/../../../x86_64-linux-gnu/:/usr/lib/gcc/x86_64-linux-gnu/9/../../../../lib/:/lib/x86_64-linux-gnu/:/lib/../lib/:/usr/lib/x86_64-linux-gnu/:/usr/lib/../lib/:/usr/lib/gcc/x86_64-linux-gnu/9/../../../:/lib/:/usr/lib/]
  ignore line: [COLLECT_GCC_OPTIONS='-v' '-o' 'CMakeFiles/cmTC_ce0d8.dir/CMakeCXXCompilerABI.cpp.o' '-c' '-shared-libgcc' '-mtune=generic' '-march=x86-64']
  ignore line: [Linking CXX executable cmTC_ce0d8]
  ignore line: [/usr/bin/cmake -E cmake_link_script CMakeFiles/cmTC_ce0d8.dir/link.txt --verbose=1]
  ignore line: [/usr/bin/c++      -v CMakeFiles/cmTC_ce0d8.dir/CMakeCXXCompilerABI.cpp.o  -o cmTC_ce0d8 ]
  ignore line: [Using built-in specs.]
  ignore line: [COLLECT_GCC=/usr/bin/c++]
  ignore line: [COLLECT_LTO_WRAPPER=/usr/lib/gcc/x86_64-linux-gnu/9/lto-wrapper]
  ignore line: [OFFLOAD_TARGET_NAMES=nvptx-none:hsa]
  ignore line: [OFFLOAD_TARGET_DEFAULT=1]
  ignore line: [Target: x86_64-linux-gnu]
  ignore line: [Configured with: ../src/configure -v --with-pkgversion='Ubuntu 9.4.0-1ubuntu1~20.04.2' --with-bugurl=file:///usr/share/doc/gcc-9/README.Bugs --enable-languages=c ada c++ go brig d fortran objc obj-c++ gm2 --prefix=/usr --with-gcc-major-version-only --program-suffix=-9 --program-prefix=x86_64-linux-gnu- --enable-shared --enable-linker-build-id --libexecdir=/usr/lib --without-included-gettext --enable-threads=posix --libdir=/usr/lib --enable-nls --enable-clocale=gnu --enable-libstdcxx-debug --enable-libstdcxx-time=yes --with-default-libstdcxx-abi=new --enable-gnu-unique-object --disable-vtable-verify --enable-plugin --enable-default-pie --with-system-zlib --with-target-system-zlib=auto --enable-objc-gc=auto --enable-multiarch --disable-werror --with-arch-32=i686 --with-abi=m64 --with-multilib-list=m32 m64 mx32 --enable-multilib --with-tune=generic --enable-offload-targets=nvptx-none=/build/gcc-9-9QDOt0/gcc-9-9.4.0/debian/tmp-nvptx/usr hsa --without-cuda-driver --enable-checking=release --build=x86_64-linux-gnu --host=x86_64-linux-gnu --target=x86_64-linux-gnu]
  ignore line: [Thread model: posix]
  ignore line: [gcc version 9.4.0 (Ubuntu 9.4.0-1ubuntu1~20.04.2) ]
  ignore line: [COMPILER_PATH=/usr/lib/gcc/x86_64-linux-gnu/9/:/usr/lib/gcc/x86_64-linux-gnu/9/:/usr/lib/gcc/x86_64-linux-gnu/:/usr/lib/gcc/x86_64-linux-gnu/9/:/usr/lib/gcc/x86_64-linux-gnu/]
  ignore line: [LIBRARY_PATH=/usr/lib/gcc/x86_64-linux-gnu/9/:/usr/lib/gcc/x86_64-linux-gnu/9/../../../x86_64-linux-gnu/:/usr/lib/gcc/x86_64-linux-gnu/9/../../../../lib/:/lib/x86_64-linux-gnu/:/lib/../lib/:/usr/lib/x86_64-linux-gnu/:/usr/lib/../lib/:/usr/lib/gcc/x86_64-linux-gnu/9/../../../:/lib/:/usr/lib/]
  ignore line: [COLLECT_GCC_OPTIONS='-v' '-o' 'cmTC_ce0d8' '-shared-libgcc' '-mtune=generic' '-march=x86-64']
  link line: [ /usr/lib/gcc/x86_64-linux-gnu/9/collect2 -plugin /usr/lib/gcc/x86_64-linux-gnu/9/liblto_plugin.so -plugin-opt=/usr/lib/gcc/x86_64-linux-gnu/9/lto-wrapper -plugin-opt=-fresolution=/tmp/cchlzJg8.res -plugin-opt=-pass-through=-lgcc_s -plugin-opt=-pass-through=-lgcc -plugin-opt=-pass-through=-lc -plugin-opt=-pass-through=-lgcc_s -plugin-opt=-pass-through=-lgcc --build-id --eh-frame-hdr -m elf_x86_64 --hash-style=gnu --as-needed -dynamic-linker /lib64/ld-linux-x86-64.so.2 -pie -z now -z relro -o cmTC_ce0d8 /usr/lib/gcc/x86_64-linux-gnu/9/../../../x86_64-linux-gnu/Scrt1.o /usr/lib/gcc/x86_64-linux-gnu/9/../../../x86_64-linux-gnu/crti.o /usr/lib/gcc/x86_64-linux-gnu/9/crtbeginS.o -L/usr/lib/gcc/x86_64-linux-gnu/9 -L/usr/lib/gcc/x86_64-linux-gnu/9/../../../x86_64-linux-gnu -L/usr/lib/gcc/x86_64-linux-gnu/9/../../../../lib -L/lib/x86_64-linux-gnu -L/lib/../lib -L/usr/lib/x86_64-linux-gnu -L/usr/lib/../lib -L/usr/lib/gcc/x86_64-linux-gnu/9/../../.. CMakeFiles/cmTC_ce0d8.dir/CMakeCXXCompilerABI.cpp.o -lstdc++ -lm -lgcc_s -lgcc -lc -lgcc_s -lgcc /usr/lib/gcc/x86_64-linux-gnu/9/crtendS.o /usr/lib/gcc/x86_64-linux-gnu/9/../../../x86_64-linux-gnu/crtn.o]
    arg [/usr/lib/gcc/x86_64-linux-gnu/9/collect2] ==> ignore
    arg [-plugin] ==> ignore
    arg [/usr/lib/gcc/x86_64-linux-gnu/9/liblto_plugin.so] ==> ignore
    arg [-plugin-opt=/usr/lib/gcc/x86_64-linux-gnu/9/lto-wrapper] ==> ignore
    arg [-plugin-opt=-fresolution=/tmp/cchlzJg8.res] ==> ignore
    arg [-plugin-opt=-pass-through=-lgcc_s] ==> ignore
    arg [-plugin-opt=-pass-through=-lgcc] ==> ignore
    arg [-plugin-opt=-pass-through=-lc] ==> ignore
    arg [-plugin-opt=-pass-through=-lgcc_s] ==> ignore
    arg [-plugin-opt=-pass-through=-lgcc] ==> ignore
    arg [--build-id] ==> ignore
    arg [--eh-frame-hdr] ==> ignore
    arg [-m] ==> ignore
    arg [elf_x86_64] ==> ignore
    arg [--hash-style=gnu] ==> ignore
    arg [--as-needed] ==> ignore
    arg [-dynamic-linker] ==> ignore
    arg [/lib64/ld-linux-x86-64.so.2] ==> ignore
    arg [-pie] ==> ignore
    arg [-znow] ==> ignore
    arg [-zrelro] ==> ignore
    arg [-o] ==> ignore
    arg [cmTC_ce0d8] ==> ignore
    arg [/usr/lib/gcc/x86_64-linux-gnu/9/../../../x86_64-linux-gnu/Scrt1.o] ==> ignore
    arg [/usr/lib/gcc/x86_64-linux-gnu/9/../../../x86_64-linux-gnu/crti.o] ==> ignore
    arg [/usr/lib/gcc/x86_64-linux-gnu/9/crtbeginS.o] ==> ignore
    arg [-L/usr/lib/gcc/x86_64-linux-gnu/9] ==> dir [/usr/lib/gcc/x86_64-linux-gnu/9]
    arg [-L/usr/lib/gcc/x86_64-linux-gnu/9/../../../x86_64-linux-gnu] ==> dir [/usr/lib/gcc/x86_64-linux-gnu/9/../../../x86_64-linux-gnu]
    arg [-L/usr/lib/gcc/x86_64-linux-gnu/9/../../../../lib] ==> dir [/usr/lib/gcc/x86_64-linux-gnu/9/../../../../lib]
    arg [-L/lib/x86_64-linux-gnu] ==> dir [/lib/x86_64-linux-gnu]
    arg [-L/lib/../lib] ==> dir [/lib/../lib]
    arg [-L/usr/lib/x86_64-linux-gnu] ==> dir [/usr/lib/x86_64-linux-gnu]
    arg [-L/usr/lib/../lib] ==> dir [/usr/lib/../lib]
    arg [-L/usr/lib/gcc/x86_64-linux-gnu/9/../../..] ==> dir [/usr/lib/gcc/x86_64-linux-gnu/9/../../..]
    arg [CMakeFiles/cmTC_ce0d8.dir/CMakeCXXCompilerABI.cpp.o] ==> ignore
    arg [-lstdc++] ==> lib [stdc++]
    arg [-lm] ==> lib [m]
    arg [-lgcc_s] ==> lib [gcc_s]
    arg [-lgcc] ==> lib [gcc]
    arg [-lc] ==> lib [c]
    arg [-lgcc_s] ==> lib [gcc_s]
    arg [-lgcc] ==> lib [gcc]
    arg [/usr/lib/gcc/x86_64-linux-gnu/9/crtendS.o] ==> ignore
    arg [/usr/lib/gcc/x86_64-linux-gnu/9/../../../x86_64-linux-gnu/crtn.o] ==> ignore
  collapse library dir [/usr/lib/gcc/x86_64-linux-gnu/9] ==> [/usr/lib/gcc/x86_64-linux-gnu/9]
  collapse library dir [/usr/lib/gcc/x86_64-linux-gnu/9/../../../x86_64-linux-gnu] ==> [/usr/lib/x86_64-linux-gnu]
  collapse library dir [/usr/lib/gcc/x86_64-linux-gnu/9/../../../../lib] ==> [/usr/lib]
  collapse library dir [/lib/x86_64-linux-gnu] ==> [/lib/x86_64-linux-gnu]
  collapse library dir [/lib/../lib] ==> [/lib]
  collapse library dir [/usr/lib/x86_64-linux-gnu] ==> [/usr/lib/x86_64-linux-gnu]
  collapse library dir [/usr/lib/../lib] ==> [/usr/lib]
  collapse library dir [/usr/lib/gcc/x86_64-linux-gnu/9/../../..] ==> [/usr/lib]
  implicit libs: [stdc++;m;gcc_s;gcc;c;gcc_s;gcc]
  implicit dirs: [/usr/lib/gcc/x86_64-linux-gnu/9;/usr/lib/x86_64-linux-gnu;/usr/lib;/lib/x86_64-linux-gnu;/lib]
  implicit fwks: []


Performing C++ SOURCE FILE Test CXX_SUPPORTS_CXX14 succeeded with the following output:
Change Dir: /home/zou/Documents/DFIKOS/Build/CMakeFiles/CMakeTmp

Run Build Command(s):/usr/bin/make cmTC_4eb8e/fast && /usr/bin/make -f CMakeFiles/cmTC_4eb8e.dir/build.make CMakeFiles/cmTC_4eb8e.dir/build
make[1]: Entering directory '/home/zou/Documents/DFIKOS/Build/CMakeFiles/CMakeTmp'
Building CXX object CMakeFiles/cmTC_4eb8e.dir/src.cxx.o
/usr/bin/c++    -DCXX_SUPPORTS_CXX14   -std=c++1y -o CMakeFiles/cmTC_4eb8e.dir/src.cxx.o -c /home/zou/Documents/DFIKOS/Build/CMakeFiles/CMakeTmp/src.cxx
Linking CXX executable cmTC_4eb8e
/usr/bin/cmake -E cmake_link_script CMakeFiles/cmTC_4eb8e.dir/link.txt --verbose=1
/usr/bin/c++   -DCXX_SUPPORTS_CXX14    CMakeFiles/cmTC_4eb8e.dir/src.cxx.o  -o cmTC_4eb8e 
make[1]: Leaving directory '/home/zou/Documents/DFIKOS/Build/CMakeFiles/CMakeTmp'


Source file was:
int main() { return 0; }
Performing C++ SOURCE FILE Test CXX_SUPPORTS_FVISIBILITY_INLINES_HIDDEN succeeded with the following output:
Change Dir: /home/zou/Documents/DFIKOS/Build/CMakeFiles/CMakeTmp

Run Build Command(s):/usr/bin/make cmTC_9cd75/fast && /usr/bin/make -f CMakeFiles/cmTC_9cd75.dir/build.make CMakeFiles/cmTC_9cd75.dir/build
make[1]: Entering directory '/home/zou/Documents/DFIKOS/Build/CMakeFiles/CMakeTmp'
Building CXX object CMakeFiles/cmTC_9cd75.dir/src.cxx.o
/usr/bin/c++    -DCXX_SUPPORTS_FVISIBILITY_INLINES_HIDDEN   -fvisibility-inlines-hidden -o CMakeFiles/cmTC_9cd75.dir/src.cxx.o -c /home/zou/Documents/DFIKOS/Build/CMakeFiles/CMakeTmp/src.cxx
Linking CXX executable cmTC_9cd75
/usr/bin/cmake -E cmake_link_script CMakeFiles/cmTC_9cd75.dir/link.txt --verbose=1
/usr/bin/c++   -DCXX_SUPPORTS_FVISIBILITY_INLINES_HIDDEN    CMakeFiles/cmTC_9cd75.dir/src.cxx.o  -o cmTC_9cd75 
make[1]: Leaving directory '/home/zou/Documents/DFIKOS/Build/CMakeFiles/CMakeTmp'


Source file was:
int main() { return 0; }
Performing C++ SOURCE FILE Test CXX_SUPPORTS_WALL succeeded with the following output:
Change Dir: /home/zou/Documents/DFIKOS/Build/CMakeFiles/CMakeTmp

Run Build Command(s):/usr/bin/make cmTC_69dab/fast && /usr/bin/make -f CMakeFiles/cmTC_69dab.dir/build.make CMakeFiles/cmTC_69dab.dir/build
make[1]: Entering directory '/home/zou/Documents/DFIKOS/Build/CMakeFiles/CMakeTmp'
Building CXX object CMakeFiles/cmTC_69dab.dir/src.cxx.o
/usr/bin/c++    -DCXX_SUPPORTS_WALL   -Wall -o CMakeFiles/cmTC_69dab.dir/src.cxx.o -c /home/zou/Documents/DFIKOS/Build/CMakeFiles/CMakeTmp/src.cxx
Linking CXX executable cmTC_69dab
/usr/bin/cmake -E cmake_link_script CMakeFiles/cmTC_69dab.dir/link.txt --verbose=1
/usr/bin/c++   -DCXX_SUPPORTS_WALL    CMakeFiles/cmTC_69dab.dir/src.cxx.o  -o cmTC_69dab 
make[1]: Leaving directory '/home/zou/Documents/DFIKOS/Build/CMakeFiles/CMakeTmp'


Source file was:
int main() { return 0; }
Performing C++ SOURCE FILE Test CXX_SUPPORTS_WEXTRA succeeded with the following output:
Change Dir: /home/zou/Documents/DFIKOS/Build/CMakeFiles/CMakeTmp

Run Build Command(s):/usr/bin/make cmTC_ffa6e/fast && /usr/bin/make -f CMakeFiles/cmTC_ffa6e.dir/build.make CMakeFiles/cmTC_ffa6e.dir/build
make[1]: Entering directory '/home/zou/Documents/DFIKOS/Build/CMakeFiles/CMakeTmp'
Building CXX object CMakeFiles/cmTC_ffa6e.dir/src.cxx.o
/usr/bin/c++    -DCXX_SUPPORTS_WEXTRA   -Wextra -o CMakeFiles/cmTC_ffa6e.dir/src.cxx.o -c /home/zou/Documents/DFIKOS/Build/CMakeFiles/CMakeTmp/src.cxx
Linking CXX executable cmTC_ffa6e
/usr/bin/cmake -E cmake_link_script CMakeFiles/cmTC_ffa6e.dir/link.txt --verbose=1
/usr/bin/c++   -DCXX_SUPPORTS_WEXTRA    CMakeFiles/cmTC_ffa6e.dir/src.cxx.o  -o cmTC_ffa6e 
make[1]: Leaving directory '/home/zou/Documents/DFIKOS/Build/CMakeFiles/CMakeTmp'


Source file was:
int main() { return 0; }
Performing C++ SOURCE FILE Test CXX_SUPPORTS_WNO_MAYBE_UNINITIALIZED succeeded with the following output:
Change Dir: /home/zou/Documents/DFIKOS/Build/CMakeFiles/CMakeTmp

Run Build Command(s):/usr/bin/make cmTC_2f687/fast && /usr/bin/make -f CMakeFiles/cmTC_2f687.dir/build.make CMakeFiles/cmTC_2f687.dir/build
make[1]: Entering directory '/home/zou/Documents/DFIKOS/Build/CMakeFiles/CMakeTmp'
Building CXX object CMakeFiles/cmTC_2f687.dir/src.cxx.o
/usr/bin/c++    -DCXX_SUPPORTS_WNO_MAYBE_UNINITIALIZED   -Wno-maybe-uninitialized -o CMakeFiles/cmTC_2f687.dir/src.cxx.o -c /home/zou/Documents/DFIKOS/Build/CMakeFiles/CMakeTmp/src.cxx
Linking CXX executable cmTC_2f687
/usr/bin/cmake -E cmake_link_script CMakeFiles/cmTC_2f687.dir/link.txt --verbose=1
/usr/bin/c++   -DCXX_SUPPORTS_WNO_MAYBE_UNINITIALIZED    CMakeFiles/cmTC_2f687.dir/src.cxx.o  -o cmTC_2f687 
make[1]: Leaving directory '/home/zou/Documents/DFIKOS/Build/CMakeFiles/CMakeTmp'


Source file was:
int main() { return 0; }
Performing C++ SOURCE FILE Test CXX_SUPPORTS_WNO_REDUNDANT_MOVE succeeded with the following output:
Change Dir: /home/zou/Documents/DFIKOS/Build/CMakeFiles/CMakeTmp

Run Build Command(s):/usr/bin/make cmTC_abb51/fast && /usr/bin/make -f CMakeFiles/cmTC_abb51.dir/build.make CMakeFiles/cmTC_abb51.dir/build
make[1]: Entering directory '/home/zou/Documents/DFIKOS/Build/CMakeFiles/CMakeTmp'
Building CXX object CMakeFiles/cmTC_abb51.dir/src.cxx.o
/usr/bin/c++    -DCXX_SUPPORTS_WNO_REDUNDANT_MOVE   -Wno-redundant-move -o CMakeFiles/cmTC_abb51.dir/src.cxx.o -c /home/zou/Documents/DFIKOS/Build/CMakeFiles/CMakeTmp/src.cxx
Linking CXX executable cmTC_abb51
/usr/bin/cmake -E cmake_link_script CMakeFiles/cmTC_abb51.dir/link.txt --verbose=1
/usr/bin/c++   -DCXX_SUPPORTS_WNO_REDUNDANT_MOVE    CMakeFiles/cmTC_abb51.dir/src.cxx.o  -o cmTC_abb51 
make[1]: Leaving directory '/home/zou/Documents/DFIKOS/Build/CMakeFiles/CMakeTmp'


Source file was:
int main() { return 0; }
Performing C SOURCE FILE Test HAVE_FFI_CALL succeeded with the following output:
Change Dir: /home/zou/Documents/DFIKOS/Build/CMakeFiles/CMakeTmp

Run Build Command(s):/usr/bin/make cmTC_6da21/fast && /usr/bin/make -f CMakeFiles/cmTC_6da21.dir/build.make CMakeFiles/cmTC_6da21.dir/build
make[1]: Entering directory '/home/zou/Documents/DFIKOS/Build/CMakeFiles/CMakeTmp'
Building C object CMakeFiles/cmTC_6da21.dir/src.c.o
/usr/bin/cc   -DHAVE_FFI_CALL   -o CMakeFiles/cmTC_6da21.dir/src.c.o   -c /home/zou/Documents/DFIKOS/Build/CMakeFiles/CMakeTmp/src.c
Linking C executable cmTC_6da21
/usr/bin/cmake -E cmake_link_script CMakeFiles/cmTC_6da21.dir/link.txt --verbose=1
/usr/bin/cc  -DHAVE_FFI_CALL    CMakeFiles/cmTC_6da21.dir/src.c.o  -o cmTC_6da21  /usr/lib/x86_64-linux-gnu/libffi.so 
make[1]: Leaving directory '/home/zou/Documents/DFIKOS/Build/CMakeFiles/CMakeTmp'


Source file was:

    struct ffi_cif;
    typedef struct ffi_cif ffi_cif;
    void ffi_call(ffi_cif *cif, void (*fn)(void), void *rvalue, void **avalue);
    int main() { ffi_call(0, 0, 0, 0); }
Performing C SOURCE FILE Test Terminfo_LINKABLE succeeded with the following output:
Change Dir: /home/zou/Documents/DFIKOS/Build/CMakeFiles/CMakeTmp

Run Build Command(s):/usr/bin/make cmTC_53bdc/fast && /usr/bin/make -f CMakeFiles/cmTC_53bdc.dir/build.make CMakeFiles/cmTC_53bdc.dir/build
make[1]: Entering directory '/home/zou/Documents/DFIKOS/Build/CMakeFiles/CMakeTmp'
Building C object CMakeFiles/cmTC_53bdc.dir/src.c.o
/usr/bin/cc   -DTerminfo_LINKABLE   -o CMakeFiles/cmTC_53bdc.dir/src.c.o   -c /home/zou/Documents/DFIKOS/Build/CMakeFiles/CMakeTmp/src.c
Linking C executable cmTC_53bdc
/usr/bin/cmake -E cmake_link_script CMakeFiles/cmTC_53bdc.dir/link.txt --verbose=1
/usr/bin/cc  -DTerminfo_LINKABLE    CMakeFiles/cmTC_53bdc.dir/src.c.o  -o cmTC_53bdc  /usr/lib/x86_64-linux-gnu/libtinfo.so 
make[1]: Leaving directory '/home/zou/Documents/DFIKOS/Build/CMakeFiles/CMakeTmp'


Source file was:

    int setupterm(char *term, int filedes, int *errret);
    int main() { return setupterm(0, 0, 0); }
Performing C SOURCE FILE Test C_SUPPORTS_FPIC succeeded with the following output:
Change Dir: /home/zou/Documents/DFIKOS/Build/CMakeFiles/CMakeTmp

Run Build Command(s):/usr/bin/make cmTC_1756a/fast && /usr/bin/make -f CMakeFiles/cmTC_1756a.dir/build.make CMakeFiles/cmTC_1756a.dir/build
make[1]: Entering directory '/home/zou/Documents/DFIKOS/Build/CMakeFiles/CMakeTmp'
Building C object CMakeFiles/cmTC_1756a.dir/src.c.o
/usr/bin/cc   -DC_SUPPORTS_FPIC   -Werror -fPIC -o CMakeFiles/cmTC_1756a.dir/src.c.o   -c /home/zou/Documents/DFIKOS/Build/CMakeFiles/CMakeTmp/src.c
Linking C executable cmTC_1756a
/usr/bin/cmake -E cmake_link_script CMakeFiles/cmTC_1756a.dir/link.txt --verbose=1
/usr/bin/cc  -DC_SUPPORTS_FPIC    CMakeFiles/cmTC_1756a.dir/src.c.o  -o cmTC_1756a 
make[1]: Leaving directory '/home/zou/Documents/DFIKOS/Build/CMakeFiles/CMakeTmp'


Source file was:
int main(void) { return 0; }
Performing C++ SOURCE FILE Test CXX_SUPPORTS_FPIC succeeded with the following output:
Change Dir: /home/zou/Documents/DFIKOS/Build/CMakeFiles/CMakeTmp

Run Build Command(s):/usr/bin/make cmTC_52dc4/fast && /usr/bin/make -f CMakeFiles/cmTC_52dc4.dir/build.make CMakeFiles/cmTC_52dc4.dir/build
make[1]: Entering directory '/home/zou/Documents/DFIKOS/Build/CMakeFiles/CMakeTmp'
Building CXX object CMakeFiles/cmTC_52dc4.dir/src.cxx.o
/usr/bin/c++    -DCXX_SUPPORTS_FPIC   -Werror -fPIC -o CMakeFiles/cmTC_52dc4.dir/src.cxx.o -c /home/zou/Documents/DFIKOS/Build/CMakeFiles/CMakeTmp/src.cxx
Linking CXX executable cmTC_52dc4
/usr/bin/cmake -E cmake_link_script CMakeFiles/cmTC_52dc4.dir/link.txt --verbose=1
/usr/bin/c++   -DCXX_SUPPORTS_FPIC    CMakeFiles/cmTC_52dc4.dir/src.cxx.o  -o cmTC_52dc4 
make[1]: Leaving directory '/home/zou/Documents/DFIKOS/Build/CMakeFiles/CMakeTmp'


Source file was:
int main() { return 0; }
Performing C SOURCE FILE Test C_SUPPORTS_FNO_SEMANTIC_INTERPOSITION succeeded with the following output:
Change Dir: /home/zou/Documents/DFIKOS/Build/CMakeFiles/CMakeTmp

Run Build Command(s):/usr/bin/make cmTC_772e6/fast && /usr/bin/make -f CMakeFiles/cmTC_772e6.dir/build.make CMakeFiles/cmTC_772e6.dir/build
make[1]: Entering directory '/home/zou/Documents/DFIKOS/Build/CMakeFiles/CMakeTmp'
Building C object CMakeFiles/cmTC_772e6.dir/src.c.o
/usr/bin/cc   -fPIC -DC_SUPPORTS_FNO_SEMANTIC_INTERPOSITION   -Werror -fno-semantic-interposition -o CMakeFiles/cmTC_772e6.dir/src.c.o   -c /home/zou/Documents/DFIKOS/Build/CMakeFiles/CMakeTmp/src.c
Linking C executable cmTC_772e6
/usr/bin/cmake -E cmake_link_script CMakeFiles/cmTC_772e6.dir/link.txt --verbose=1
/usr/bin/cc  -fPIC -DC_SUPPORTS_FNO_SEMANTIC_INTERPOSITION    CMakeFiles/cmTC_772e6.dir/src.c.o  -o cmTC_772e6 
make[1]: Leaving directory '/home/zou/Documents/DFIKOS/Build/CMakeFiles/CMakeTmp'


Source file was:
int main(void) { return 0; }
Performing C++ SOURCE FILE Test CXX_SUPPORTS_FNO_SEMANTIC_INTERPOSITION succeeded with the following output:
Change Dir: /home/zou/Documents/DFIKOS/Build/CMakeFiles/CMakeTmp

Run Build Command(s):/usr/bin/make cmTC_9af10/fast && /usr/bin/make -f CMakeFiles/cmTC_9af10.dir/build.make CMakeFiles/cmTC_9af10.dir/build
make[1]: Entering directory '/home/zou/Documents/DFIKOS/Build/CMakeFiles/CMakeTmp'
Building CXX object CMakeFiles/cmTC_9af10.dir/src.cxx.o
/usr/bin/c++    -fPIC -DCXX_SUPPORTS_FNO_SEMANTIC_INTERPOSITION   -Werror -fno-semantic-interposition -o CMakeFiles/cmTC_9af10.dir/src.cxx.o -c /home/zou/Documents/DFIKOS/Build/CMakeFiles/CMakeTmp/src.cxx
Linking CXX executable cmTC_9af10
/usr/bin/cmake -E cmake_link_script CMakeFiles/cmTC_9af10.dir/link.txt --verbose=1
/usr/bin/c++   -fPIC -DCXX_SUPPORTS_FNO_SEMANTIC_INTERPOSITION    CMakeFiles/cmTC_9af10.dir/src.cxx.o  -o cmTC_9af10 
make[1]: Leaving directory '/home/zou/Documents/DFIKOS/Build/CMakeFiles/CMakeTmp'


Source file was:
int main() { return 0; }
Performing C++ SOURCE FILE Test SUPPORTS_FVISIBILITY_INLINES_HIDDEN_FLAG succeeded with the following output:
Change Dir: /home/zou/Documents/DFIKOS/Build/CMakeFiles/CMakeTmp

Run Build Command(s):/usr/bin/make cmTC_92d47/fast && /usr/bin/make -f CMakeFiles/cmTC_92d47.dir/build.make CMakeFiles/cmTC_92d47.dir/build
make[1]: Entering directory '/home/zou/Documents/DFIKOS/Build/CMakeFiles/CMakeTmp'
Building CXX object CMakeFiles/cmTC_92d47.dir/src.cxx.o
/usr/bin/c++    -fPIC -fno-semantic-interposition -DSUPPORTS_FVISIBILITY_INLINES_HIDDEN_FLAG   -fvisibility-inlines-hidden -o CMakeFiles/cmTC_92d47.dir/src.cxx.o -c /home/zou/Documents/DFIKOS/Build/CMakeFiles/CMakeTmp/src.cxx
Linking CXX executable cmTC_92d47
/usr/bin/cmake -E cmake_link_script CMakeFiles/cmTC_92d47.dir/link.txt --verbose=1
/usr/bin/c++   -fPIC -fno-semantic-interposition -DSUPPORTS_FVISIBILITY_INLINES_HIDDEN_FLAG    CMakeFiles/cmTC_92d47.dir/src.cxx.o  -o cmTC_92d47 
make[1]: Leaving directory '/home/zou/Documents/DFIKOS/Build/CMakeFiles/CMakeTmp'


Source file was:
int main() { return 0; }
Performing C SOURCE FILE Test C_SUPPORTS_WERROR_DATE_TIME succeeded with the following output:
Change Dir: /home/zou/Documents/DFIKOS/Build/CMakeFiles/CMakeTmp

Run Build Command(s):/usr/bin/make cmTC_ded05/fast && /usr/bin/make -f CMakeFiles/cmTC_ded05.dir/build.make CMakeFiles/cmTC_ded05.dir/build
make[1]: Entering directory '/home/zou/Documents/DFIKOS/Build/CMakeFiles/CMakeTmp'
Building C object CMakeFiles/cmTC_ded05.dir/src.c.o
/usr/bin/cc   -fPIC -fno-semantic-interposition -DC_SUPPORTS_WERROR_DATE_TIME   -Werror -Werror=date-time -o CMakeFiles/cmTC_ded05.dir/src.c.o   -c /home/zou/Documents/DFIKOS/Build/CMakeFiles/CMakeTmp/src.c
Linking C executable cmTC_ded05
/usr/bin/cmake -E cmake_link_script CMakeFiles/cmTC_ded05.dir/link.txt --verbose=1
/usr/bin/cc  -fPIC -fno-semantic-interposition -DC_SUPPORTS_WERROR_DATE_TIME    CMakeFiles/cmTC_ded05.dir/src.c.o  -o cmTC_ded05 
make[1]: Leaving directory '/home/zou/Documents/DFIKOS/Build/CMakeFiles/CMakeTmp'


Source file was:
int main(void) { return 0; }
Performing C++ SOURCE FILE Test CXX_SUPPORTS_WERROR_DATE_TIME succeeded with the following output:
Change Dir: /home/zou/Documents/DFIKOS/Build/CMakeFiles/CMakeTmp

Run Build Command(s):/usr/bin/make cmTC_6a02b/fast && /usr/bin/make -f CMakeFiles/cmTC_6a02b.dir/build.make CMakeFiles/cmTC_6a02b.dir/build
make[1]: Entering directory '/home/zou/Documents/DFIKOS/Build/CMakeFiles/CMakeTmp'
Building CXX object CMakeFiles/cmTC_6a02b.dir/src.cxx.o
/usr/bin/c++    -fPIC -fno-semantic-interposition -fvisibility-inlines-hidden -DCXX_SUPPORTS_WERROR_DATE_TIME   -Werror -Werror=date-time -o CMakeFiles/cmTC_6a02b.dir/src.cxx.o -c /home/zou/Documents/DFIKOS/Build/CMakeFiles/CMakeTmp/src.cxx
Linking CXX executable cmTC_6a02b
/usr/bin/cmake -E cmake_link_script CMakeFiles/cmTC_6a02b.dir/link.txt --verbose=1
/usr/bin/c++   -fPIC -fno-semantic-interposition -fvisibility-inlines-hidden -DCXX_SUPPORTS_WERROR_DATE_TIME    CMakeFiles/cmTC_6a02b.dir/src.cxx.o  -o cmTC_6a02b 
make[1]: Leaving directory '/home/zou/Documents/DFIKOS/Build/CMakeFiles/CMakeTmp'


Source file was:
int main() { return 0; }
Performing C++ SOURCE FILE Test CXX_SUPPORTS_MISSING_FIELD_INITIALIZERS_FLAG succeeded with the following output:
Change Dir: /home/zou/Documents/DFIKOS/Build/CMakeFiles/CMakeTmp

Run Build Command(s):/usr/bin/make cmTC_3b208/fast && /usr/bin/make -f CMakeFiles/cmTC_3b208.dir/build.make CMakeFiles/cmTC_3b208.dir/build
make[1]: Entering directory '/home/zou/Documents/DFIKOS/Build/CMakeFiles/CMakeTmp'
Building CXX object CMakeFiles/cmTC_3b208.dir/src.cxx.o
/usr/bin/c++    -fPIC -fno-semantic-interposition -fvisibility-inlines-hidden -Werror=date-time -Wall -Wextra -Wno-unused-parameter -Wwrite-strings -Wcast-qual -DCXX_SUPPORTS_MISSING_FIELD_INITIALIZERS_FLAG   -Wmissing-field-initializers -o CMakeFiles/cmTC_3b208.dir/src.cxx.o -c /home/zou/Documents/DFIKOS/Build/CMakeFiles/CMakeTmp/src.cxx
Linking CXX executable cmTC_3b208
/usr/bin/cmake -E cmake_link_script CMakeFiles/cmTC_3b208.dir/link.txt --verbose=1
/usr/bin/c++   -fPIC -fno-semantic-interposition -fvisibility-inlines-hidden -Werror=date-time -Wall -Wextra -Wno-unused-parameter -Wwrite-strings -Wcast-qual -DCXX_SUPPORTS_MISSING_FIELD_INITIALIZERS_FLAG    CMakeFiles/cmTC_3b208.dir/src.cxx.o  -o cmTC_3b208 
make[1]: Leaving directory '/home/zou/Documents/DFIKOS/Build/CMakeFiles/CMakeTmp'


Source file was:
int main() { return 0; }
Performing C SOURCE FILE Test C_SUPPORTS_IMPLICIT_FALLTHROUGH_FLAG succeeded with the following output:
Change Dir: /home/zou/Documents/DFIKOS/Build/CMakeFiles/CMakeTmp

Run Build Command(s):/usr/bin/make cmTC_d8406/fast && /usr/bin/make -f CMakeFiles/cmTC_d8406.dir/build.make CMakeFiles/cmTC_d8406.dir/build
make[1]: Entering directory '/home/zou/Documents/DFIKOS/Build/CMakeFiles/CMakeTmp'
Building C object CMakeFiles/cmTC_d8406.dir/src.c.o
/usr/bin/cc   -fPIC -fno-semantic-interposition -Werror=date-time -Wall -Wextra -Wno-unused-parameter -Wwrite-strings -Wno-missing-field-initializers -DC_SUPPORTS_IMPLICIT_FALLTHROUGH_FLAG   -Werror -Wimplicit-fallthrough -o CMakeFiles/cmTC_d8406.dir/src.c.o   -c /home/zou/Documents/DFIKOS/Build/CMakeFiles/CMakeTmp/src.c
Linking C executable cmTC_d8406
/usr/bin/cmake -E cmake_link_script CMakeFiles/cmTC_d8406.dir/link.txt --verbose=1
/usr/bin/cc  -fPIC -fno-semantic-interposition -Werror=date-time -Wall -Wextra -Wno-unused-parameter -Wwrite-strings -Wno-missing-field-initializers -DC_SUPPORTS_IMPLICIT_FALLTHROUGH_FLAG    CMakeFiles/cmTC_d8406.dir/src.c.o  -o cmTC_d8406 
make[1]: Leaving directory '/home/zou/Documents/DFIKOS/Build/CMakeFiles/CMakeTmp'


Source file was:
int main(void) { return 0; }
Performing C++ SOURCE FILE Test CXX_SUPPORTS_IMPLICIT_FALLTHROUGH_FLAG succeeded with the following output:
Change Dir: /home/zou/Documents/DFIKOS/Build/CMakeFiles/CMakeTmp

Run Build Command(s):/usr/bin/make cmTC_7c087/fast && /usr/bin/make -f CMakeFiles/cmTC_7c087.dir/build.make CMakeFiles/cmTC_7c087.dir/build
make[1]: Entering directory '/home/zou/Documents/DFIKOS/Build/CMakeFiles/CMakeTmp'
Building CXX object CMakeFiles/cmTC_7c087.dir/src.cxx.o
/usr/bin/c++    -fPIC -fno-semantic-interposition -fvisibility-inlines-hidden -Werror=date-time -Wall -Wextra -Wno-unused-parameter -Wwrite-strings -Wcast-qual -Wno-missing-field-initializers -DCXX_SUPPORTS_IMPLICIT_FALLTHROUGH_FLAG   -Werror -Wimplicit-fallthrough -o CMakeFiles/cmTC_7c087.dir/src.cxx.o -c /home/zou/Documents/DFIKOS/Build/CMakeFiles/CMakeTmp/src.cxx
Linking CXX executable cmTC_7c087
/usr/bin/cmake -E cmake_link_script CMakeFiles/cmTC_7c087.dir/link.txt --verbose=1
/usr/bin/c++   -fPIC -fno-semantic-interposition -fvisibility-inlines-hidden -Werror=date-time -Wall -Wextra -Wno-unused-parameter -Wwrite-strings -Wcast-qual -Wno-missing-field-initializers -DCXX_SUPPORTS_IMPLICIT_FALLTHROUGH_FLAG    CMakeFiles/cmTC_7c087.dir/src.cxx.o  -o cmTC_7c087 
make[1]: Leaving directory '/home/zou/Documents/DFIKOS/Build/CMakeFiles/CMakeTmp'


Source file was:
int main() { return 0; }
Performing C++ SOURCE FILE Test CXX_SUPPORTS_CLASS_MEMACCESS_FLAG succeeded with the following output:
Change Dir: /home/zou/Documents/DFIKOS/Build/CMakeFiles/CMakeTmp

Run Build Command(s):/usr/bin/make cmTC_53869/fast && /usr/bin/make -f CMakeFiles/cmTC_53869.dir/build.make CMakeFiles/cmTC_53869.dir/build
make[1]: Entering directory '/home/zou/Documents/DFIKOS/Build/CMakeFiles/CMakeTmp'
Building CXX object CMakeFiles/cmTC_53869.dir/src.cxx.o
/usr/bin/c++    -fPIC -fno-semantic-interposition -fvisibility-inlines-hidden -Werror=date-time -Wall -Wextra -Wno-unused-parameter -Wwrite-strings -Wcast-qual -Wno-missing-field-initializers -Wimplicit-fallthrough -DCXX_SUPPORTS_CLASS_MEMACCESS_FLAG   -Wclass-memaccess -o CMakeFiles/cmTC_53869.dir/src.cxx.o -c /home/zou/Documents/DFIKOS/Build/CMakeFiles/CMakeTmp/src.cxx
Linking CXX executable cmTC_53869
/usr/bin/cmake -E cmake_link_script CMakeFiles/cmTC_53869.dir/link.txt --verbose=1
/usr/bin/c++   -fPIC -fno-semantic-interposition -fvisibility-inlines-hidden -Werror=date-time -Wall -Wextra -Wno-unused-parameter -Wwrite-strings -Wcast-qual -Wno-missing-field-initializers -Wimplicit-fallthrough -DCXX_SUPPORTS_CLASS_MEMACCESS_FLAG    CMakeFiles/cmTC_53869.dir/src.cxx.o  -o cmTC_53869 
make[1]: Leaving directory '/home/zou/Documents/DFIKOS/Build/CMakeFiles/CMakeTmp'


Source file was:
int main() { return 0; }
Performing C++ SOURCE FILE Test CXX_SUPPORTS_REDUNDANT_MOVE_FLAG succeeded with the following output:
Change Dir: /home/zou/Documents/DFIKOS/Build/CMakeFiles/CMakeTmp

Run Build Command(s):/usr/bin/make cmTC_a164e/fast && /usr/bin/make -f CMakeFiles/cmTC_a164e.dir/build.make CMakeFiles/cmTC_a164e.dir/build
make[1]: Entering directory '/home/zou/Documents/DFIKOS/Build/CMakeFiles/CMakeTmp'
Building CXX object CMakeFiles/cmTC_a164e.dir/src.cxx.o
/usr/bin/c++    -fPIC -fno-semantic-interposition -fvisibility-inlines-hidden -Werror=date-time -Wall -Wextra -Wno-unused-parameter -Wwrite-strings -Wcast-qual -Wno-missing-field-initializers -Wimplicit-fallthrough -Wno-class-memaccess -DCXX_SUPPORTS_REDUNDANT_MOVE_FLAG   -Wredundant-move -o CMakeFiles/cmTC_a164e.dir/src.cxx.o -c /home/zou/Documents/DFIKOS/Build/CMakeFiles/CMakeTmp/src.cxx
Linking CXX executable cmTC_a164e
/usr/bin/cmake -E cmake_link_script CMakeFiles/cmTC_a164e.dir/link.txt --verbose=1
/usr/bin/c++   -fPIC -fno-semantic-interposition -fvisibility-inlines-hidden -Werror=date-time -Wall -Wextra -Wno-unused-parameter -Wwrite-strings -Wcast-qual -Wno-missing-field-initializers -Wimplicit-fallthrough -Wno-class-memaccess -DCXX_SUPPORTS_REDUNDANT_MOVE_FLAG    CMakeFiles/cmTC_a164e.dir/src.cxx.o  -o cmTC_a164e 
make[1]: Leaving directory '/home/zou/Documents/DFIKOS/Build/CMakeFiles/CMakeTmp'


Source file was:
int main() { return 0; }
Performing C++ SOURCE FILE Test CXX_SUPPORTS_PESSIMIZING_MOVE_FLAG succeeded with the following output:
Change Dir: /home/zou/Documents/DFIKOS/Build/CMakeFiles/CMakeTmp

Run Build Command(s):/usr/bin/make cmTC_8431f/fast && /usr/bin/make -f CMakeFiles/cmTC_8431f.dir/build.make CMakeFiles/cmTC_8431f.dir/build
make[1]: Entering directory '/home/zou/Documents/DFIKOS/Build/CMakeFiles/CMakeTmp'
Building CXX object CMakeFiles/cmTC_8431f.dir/src.cxx.o
/usr/bin/c++    -fPIC -fno-semantic-interposition -fvisibility-inlines-hidden -Werror=date-time -Wall -Wextra -Wno-unused-parameter -Wwrite-strings -Wcast-qual -Wno-missing-field-initializers -Wimplicit-fallthrough -Wno-class-memaccess -Wno-redundant-move -DCXX_SUPPORTS_PESSIMIZING_MOVE_FLAG   -Wpessimizing-move -o CMakeFiles/cmTC_8431f.dir/src.cxx.o -c /home/zou/Documents/DFIKOS/Build/CMakeFiles/CMakeTmp/src.cxx
Linking CXX executable cmTC_8431f
/usr/bin/cmake -E cmake_link_script CMakeFiles/cmTC_8431f.dir/link.txt --verbose=1
/usr/bin/c++   -fPIC -fno-semantic-interposition -fvisibility-inlines-hidden -Werror=date-time -Wall -Wextra -Wno-unused-parameter -Wwrite-strings -Wcast-qual -Wno-missing-field-initializers -Wimplicit-fallthrough -Wno-class-memaccess -Wno-redundant-move -DCXX_SUPPORTS_PESSIMIZING_MOVE_FLAG    CMakeFiles/cmTC_8431f.dir/src.cxx.o  -o cmTC_8431f 
make[1]: Leaving directory '/home/zou/Documents/DFIKOS/Build/CMakeFiles/CMakeTmp'


Source file was:
int main() { return 0; }
Performing C++ SOURCE FILE Test CXX_SUPPORTS_NOEXCEPT_TYPE_FLAG succeeded with the following output:
Change Dir: /home/zou/Documents/DFIKOS/Build/CMakeFiles/CMakeTmp

Run Build Command(s):/usr/bin/make cmTC_1b0c8/fast && /usr/bin/make -f CMakeFiles/cmTC_1b0c8.dir/build.make CMakeFiles/cmTC_1b0c8.dir/build
make[1]: Entering directory '/home/zou/Documents/DFIKOS/Build/CMakeFiles/CMakeTmp'
Building CXX object CMakeFiles/cmTC_1b0c8.dir/src.cxx.o
/usr/bin/c++    -fPIC -fno-semantic-interposition -fvisibility-inlines-hidden -Werror=date-time -Wall -Wextra -Wno-unused-parameter -Wwrite-strings -Wcast-qual -Wno-missing-field-initializers -Wimplicit-fallthrough -Wno-class-memaccess -Wno-redundant-move -Wno-pessimizing-move -DCXX_SUPPORTS_NOEXCEPT_TYPE_FLAG   -Wnoexcept-type -o CMakeFiles/cmTC_1b0c8.dir/src.cxx.o -c /home/zou/Documents/DFIKOS/Build/CMakeFiles/CMakeTmp/src.cxx
Linking CXX executable cmTC_1b0c8
/usr/bin/cmake -E cmake_link_script CMakeFiles/cmTC_1b0c8.dir/link.txt --verbose=1
/usr/bin/c++   -fPIC -fno-semantic-interposition -fvisibility-inlines-hidden -Werror=date-time -Wall -Wextra -Wno-unused-parameter -Wwrite-strings -Wcast-qual -Wno-missing-field-initializers -Wimplicit-fallthrough -Wno-class-memaccess -Wno-redundant-move -Wno-pessimizing-move -DCXX_SUPPORTS_NOEXCEPT_TYPE_FLAG    CMakeFiles/cmTC_1b0c8.dir/src.cxx.o  -o cmTC_1b0c8 
make[1]: Leaving directory '/home/zou/Documents/DFIKOS/Build/CMakeFiles/CMakeTmp'


Source file was:
int main() { return 0; }
Performing C++ SOURCE FILE Test CXX_SUPPORTS_SUGGEST_OVERRIDE_FLAG succeeded with the following output:
Change Dir: /home/zou/Documents/DFIKOS/Build/CMakeFiles/CMakeTmp

Run Build Command(s):/usr/bin/make cmTC_19858/fast && /usr/bin/make -f CMakeFiles/cmTC_19858.dir/build.make CMakeFiles/cmTC_19858.dir/build
make[1]: Entering directory '/home/zou/Documents/DFIKOS/Build/CMakeFiles/CMakeTmp'
Building CXX object CMakeFiles/cmTC_19858.dir/src.cxx.o
/usr/bin/c++    -fPIC -fno-semantic-interposition -fvisibility-inlines-hidden -Werror=date-time -Wall -Wextra -Wno-unused-parameter -Wwrite-strings -Wcast-qual -Wno-missing-field-initializers -Wimplicit-fallthrough -Wno-class-memaccess -Wno-redundant-move -Wno-pessimizing-move -Wno-noexcept-type -Wdelete-non-virtual-dtor -DCXX_SUPPORTS_SUGGEST_OVERRIDE_FLAG   -Wsuggest-override -o CMakeFiles/cmTC_19858.dir/src.cxx.o -c /home/zou/Documents/DFIKOS/Build/CMakeFiles/CMakeTmp/src.cxx
Linking CXX executable cmTC_19858
/usr/bin/cmake -E cmake_link_script CMakeFiles/cmTC_19858.dir/link.txt --verbose=1
/usr/bin/c++   -fPIC -fno-semantic-interposition -fvisibility-inlines-hidden -Werror=date-time -Wall -Wextra -Wno-unused-parameter -Wwrite-strings -Wcast-qual -Wno-missing-field-initializers -Wimplicit-fallthrough -Wno-class-memaccess -Wno-redundant-move -Wno-pessimizing-move -Wno-noexcept-type -Wdelete-non-virtual-dtor -DCXX_SUPPORTS_SUGGEST_OVERRIDE_FLAG    CMakeFiles/cmTC_19858.dir/src.cxx.o  -o cmTC_19858 
make[1]: Leaving directory '/home/zou/Documents/DFIKOS/Build/CMakeFiles/CMakeTmp'


Source file was:
int main() { return 0; }
Performing C++ SOURCE FILE Test CXX_WSUGGEST_OVERRIDE_ALLOWS_ONLY_FINAL succeeded with the following output:
Change Dir: /home/zou/Documents/DFIKOS/Build/CMakeFiles/CMakeTmp

Run Build Command(s):/usr/bin/make cmTC_b09f4/fast && /usr/bin/make -f CMakeFiles/cmTC_b09f4.dir/build.make CMakeFiles/cmTC_b09f4.dir/build
make[1]: Entering directory '/home/zou/Documents/DFIKOS/Build/CMakeFiles/CMakeTmp'
Building CXX object CMakeFiles/cmTC_b09f4.dir/src.cxx.o
/usr/bin/c++    -fPIC -fno-semantic-interposition -fvisibility-inlines-hidden -Werror=date-time -Wall -Wextra -Wno-unused-parameter -Wwrite-strings -Wcast-qual -Wno-missing-field-initializers -Wimplicit-fallthrough -Wno-class-memaccess -Wno-redundant-move -Wno-pessimizing-move -Wno-noexcept-type -Wdelete-non-virtual-dtor -DCXX_WSUGGEST_OVERRIDE_ALLOWS_ONLY_FINAL  -Werror=suggest-override   -o CMakeFiles/cmTC_b09f4.dir/src.cxx.o -c /home/zou/Documents/DFIKOS/Build/CMakeFiles/CMakeTmp/src.cxx
Linking CXX executable cmTC_b09f4
/usr/bin/cmake -E cmake_link_script CMakeFiles/cmTC_b09f4.dir/link.txt --verbose=1
/usr/bin/c++   -fPIC -fno-semantic-interposition -fvisibility-inlines-hidden -Werror=date-time -Wall -Wextra -Wno-unused-parameter -Wwrite-strings -Wcast-qual -Wno-missing-field-initializers -Wimplicit-fallthrough -Wno-class-memaccess -Wno-redundant-move -Wno-pessimizing-move -Wno-noexcept-type -Wdelete-non-virtual-dtor -DCXX_WSUGGEST_OVERRIDE_ALLOWS_ONLY_FINAL  -Werror=suggest-override    CMakeFiles/cmTC_b09f4.dir/src.cxx.o  -o cmTC_b09f4 
make[1]: Leaving directory '/home/zou/Documents/DFIKOS/Build/CMakeFiles/CMakeTmp'


Source file was:
class base {public: virtual void anchor();};
                               class derived : base {public: void anchor() final;};
                               int main() { return 0; }
Performing C SOURCE FILE Test C_SUPPORTS_MISLEADING_INDENTATION_FLAG succeeded with the following output:
Change Dir: /home/zou/Documents/DFIKOS/Build/CMakeFiles/CMakeTmp

Run Build Command(s):/usr/bin/make cmTC_e1af9/fast && /usr/bin/make -f CMakeFiles/cmTC_e1af9.dir/build.make CMakeFiles/cmTC_e1af9.dir/build
make[1]: Entering directory '/home/zou/Documents/DFIKOS/Build/CMakeFiles/CMakeTmp'
Building C object CMakeFiles/cmTC_e1af9.dir/src.c.o
/usr/bin/cc   -fPIC -fno-semantic-interposition -Werror=date-time -Wall -Wextra -Wno-unused-parameter -Wwrite-strings -Wno-missing-field-initializers -Wimplicit-fallthrough -Wno-comment -DC_SUPPORTS_MISLEADING_INDENTATION_FLAG   -Werror -Wmisleading-indentation -o CMakeFiles/cmTC_e1af9.dir/src.c.o   -c /home/zou/Documents/DFIKOS/Build/CMakeFiles/CMakeTmp/src.c
Linking C executable cmTC_e1af9
/usr/bin/cmake -E cmake_link_script CMakeFiles/cmTC_e1af9.dir/link.txt --verbose=1
/usr/bin/cc  -fPIC -fno-semantic-interposition -Werror=date-time -Wall -Wextra -Wno-unused-parameter -Wwrite-strings -Wno-missing-field-initializers -Wimplicit-fallthrough -Wno-comment -DC_SUPPORTS_MISLEADING_INDENTATION_FLAG    CMakeFiles/cmTC_e1af9.dir/src.c.o  -o cmTC_e1af9 
make[1]: Leaving directory '/home/zou/Documents/DFIKOS/Build/CMakeFiles/CMakeTmp'


Source file was:
int main(void) { return 0; }
Performing C++ SOURCE FILE Test CXX_SUPPORTS_MISLEADING_INDENTATION_FLAG succeeded with the following output:
Change Dir: /home/zou/Documents/DFIKOS/Build/CMakeFiles/CMakeTmp

Run Build Command(s):/usr/bin/make cmTC_bb1a6/fast && /usr/bin/make -f CMakeFiles/cmTC_bb1a6.dir/build.make CMakeFiles/cmTC_bb1a6.dir/build
make[1]: Entering directory '/home/zou/Documents/DFIKOS/Build/CMakeFiles/CMakeTmp'
Building CXX object CMakeFiles/cmTC_bb1a6.dir/src.cxx.o
/usr/bin/c++    -fPIC -fno-semantic-interposition -fvisibility-inlines-hidden -Werror=date-time -Wall -Wextra -Wno-unused-parameter -Wwrite-strings -Wcast-qual -Wno-missing-field-initializers -Wimplicit-fallthrough -Wno-class-memaccess -Wno-redundant-move -Wno-pessimizing-move -Wno-noexcept-type -Wdelete-non-virtual-dtor -Wsuggest-override -Wno-comment -DCXX_SUPPORTS_MISLEADING_INDENTATION_FLAG   -Werror -Wmisleading-indentation -o CMakeFiles/cmTC_bb1a6.dir/src.cxx.o -c /home/zou/Documents/DFIKOS/Build/CMakeFiles/CMakeTmp/src.cxx
Linking CXX executable cmTC_bb1a6
/usr/bin/cmake -E cmake_link_script CMakeFiles/cmTC_bb1a6.dir/link.txt --verbose=1
/usr/bin/c++   -fPIC -fno-semantic-interposition -fvisibility-inlines-hidden -Werror=date-time -Wall -Wextra -Wno-unused-parameter -Wwrite-strings -Wcast-qual -Wno-missing-field-initializers -Wimplicit-fallthrough -Wno-class-memaccess -Wno-redundant-move -Wno-pessimizing-move -Wno-noexcept-type -Wdelete-non-virtual-dtor -Wsuggest-override -Wno-comment -DCXX_SUPPORTS_MISLEADING_INDENTATION_FLAG    CMakeFiles/cmTC_bb1a6.dir/src.cxx.o  -o cmTC_bb1a6 
make[1]: Leaving directory '/home/zou/Documents/DFIKOS/Build/CMakeFiles/CMakeTmp'


Source file was:
int main() { return 0; }
Performing C SOURCE FILE Test C_SUPPORTS_FNO_FUNCTION_SECTIONS succeeded with the following output:
Change Dir: /home/zou/Documents/DFIKOS/Build/CMakeFiles/CMakeTmp

Run Build Command(s):/usr/bin/make cmTC_e55f8/fast && /usr/bin/make -f CMakeFiles/cmTC_e55f8.dir/build.make CMakeFiles/cmTC_e55f8.dir/build
make[1]: Entering directory '/home/zou/Documents/DFIKOS/Build/CMakeFiles/CMakeTmp'
Building C object CMakeFiles/cmTC_e55f8.dir/src.c.o
/usr/bin/cc   -fPIC -fno-semantic-interposition -Werror=date-time -Wall -Wextra -Wno-unused-parameter -Wwrite-strings -Wno-missing-field-initializers -Wimplicit-fallthrough -Wno-comment -Wmisleading-indentation -DC_SUPPORTS_FNO_FUNCTION_SECTIONS   -Werror -fno-function-sections -o CMakeFiles/cmTC_e55f8.dir/src.c.o   -c /home/zou/Documents/DFIKOS/Build/CMakeFiles/CMakeTmp/src.c
Linking C executable cmTC_e55f8
/usr/bin/cmake -E cmake_link_script CMakeFiles/cmTC_e55f8.dir/link.txt --verbose=1
/usr/bin/cc  -fPIC -fno-semantic-interposition -Werror=date-time -Wall -Wextra -Wno-unused-parameter -Wwrite-strings -Wno-missing-field-initializers -Wimplicit-fallthrough -Wno-comment -Wmisleading-indentation -DC_SUPPORTS_FNO_FUNCTION_SECTIONS    CMakeFiles/cmTC_e55f8.dir/src.c.o  -o cmTC_e55f8 
make[1]: Leaving directory '/home/zou/Documents/DFIKOS/Build/CMakeFiles/CMakeTmp'


Source file was:
int main(void) { return 0; }
Performing C SOURCE FILE Test C_SUPPORTS_FFUNCTION_SECTIONS succeeded with the following output:
Change Dir: /home/zou/Documents/DFIKOS/Build/CMakeFiles/CMakeTmp

Run Build Command(s):/usr/bin/make cmTC_f8c67/fast && /usr/bin/make -f CMakeFiles/cmTC_f8c67.dir/build.make CMakeFiles/cmTC_f8c67.dir/build
make[1]: Entering directory '/home/zou/Documents/DFIKOS/Build/CMakeFiles/CMakeTmp'
Building C object CMakeFiles/cmTC_f8c67.dir/src.c.o
/usr/bin/cc   -fPIC -fno-semantic-interposition -Werror=date-time -Wall -Wextra -Wno-unused-parameter -Wwrite-strings -Wno-missing-field-initializers -Wimplicit-fallthrough -Wno-comment -Wmisleading-indentation -DC_SUPPORTS_FFUNCTION_SECTIONS   -Werror -ffunction-sections -o CMakeFiles/cmTC_f8c67.dir/src.c.o   -c /home/zou/Documents/DFIKOS/Build/CMakeFiles/CMakeTmp/src.c
Linking C executable cmTC_f8c67
/usr/bin/cmake -E cmake_link_script CMakeFiles/cmTC_f8c67.dir/link.txt --verbose=1
/usr/bin/cc  -fPIC -fno-semantic-interposition -Werror=date-time -Wall -Wextra -Wno-unused-parameter -Wwrite-strings -Wno-missing-field-initializers -Wimplicit-fallthrough -Wno-comment -Wmisleading-indentation -DC_SUPPORTS_FFUNCTION_SECTIONS    CMakeFiles/cmTC_f8c67.dir/src.c.o  -o cmTC_f8c67 
make[1]: Leaving directory '/home/zou/Documents/DFIKOS/Build/CMakeFiles/CMakeTmp'


Source file was:
int main(void) { return 0; }
Performing C++ SOURCE FILE Test CXX_SUPPORTS_FFUNCTION_SECTIONS succeeded with the following output:
Change Dir: /home/zou/Documents/DFIKOS/Build/CMakeFiles/CMakeTmp

Run Build Command(s):/usr/bin/make cmTC_1a743/fast && /usr/bin/make -f CMakeFiles/cmTC_1a743.dir/build.make CMakeFiles/cmTC_1a743.dir/build
make[1]: Entering directory '/home/zou/Documents/DFIKOS/Build/CMakeFiles/CMakeTmp'
Building CXX object CMakeFiles/cmTC_1a743.dir/src.cxx.o
/usr/bin/c++    -fPIC -fno-semantic-interposition -fvisibility-inlines-hidden -Werror=date-time -Wall -Wextra -Wno-unused-parameter -Wwrite-strings -Wcast-qual -Wno-missing-field-initializers -Wimplicit-fallthrough -Wno-class-memaccess -Wno-redundant-move -Wno-pessimizing-move -Wno-noexcept-type -Wdelete-non-virtual-dtor -Wsuggest-override -Wno-comment -Wmisleading-indentation -DCXX_SUPPORTS_FFUNCTION_SECTIONS   -Werror -ffunction-sections -o CMakeFiles/cmTC_1a743.dir/src.cxx.o -c /home/zou/Documents/DFIKOS/Build/CMakeFiles/CMakeTmp/src.cxx
Linking CXX executable cmTC_1a743
/usr/bin/cmake -E cmake_link_script CMakeFiles/cmTC_1a743.dir/link.txt --verbose=1
/usr/bin/c++   -fPIC -fno-semantic-interposition -fvisibility-inlines-hidden -Werror=date-time -Wall -Wextra -Wno-unused-parameter -Wwrite-strings -Wcast-qual -Wno-missing-field-initializers -Wimplicit-fallthrough -Wno-class-memaccess -Wno-redundant-move -Wno-pessimizing-move -Wno-noexcept-type -Wdelete-non-virtual-dtor -Wsuggest-override -Wno-comment -Wmisleading-indentation -DCXX_SUPPORTS_FFUNCTION_SECTIONS    CMakeFiles/cmTC_1a743.dir/src.cxx.o  -o cmTC_1a743 
make[1]: Leaving directory '/home/zou/Documents/DFIKOS/Build/CMakeFiles/CMakeTmp'


Source file was:
int main() { return 0; }
Performing C SOURCE FILE Test C_SUPPORTS_FDATA_SECTIONS succeeded with the following output:
Change Dir: /home/zou/Documents/DFIKOS/Build/CMakeFiles/CMakeTmp

Run Build Command(s):/usr/bin/make cmTC_31e44/fast && /usr/bin/make -f CMakeFiles/cmTC_31e44.dir/build.make CMakeFiles/cmTC_31e44.dir/build
make[1]: Entering directory '/home/zou/Documents/DFIKOS/Build/CMakeFiles/CMakeTmp'
Building C object CMakeFiles/cmTC_31e44.dir/src.c.o
/usr/bin/cc   -fPIC -fno-semantic-interposition -Werror=date-time -Wall -Wextra -Wno-unused-parameter -Wwrite-strings -Wno-missing-field-initializers -Wimplicit-fallthrough -Wno-comment -Wmisleading-indentation -ffunction-sections -DC_SUPPORTS_FDATA_SECTIONS   -Werror -fdata-sections -o CMakeFiles/cmTC_31e44.dir/src.c.o   -c /home/zou/Documents/DFIKOS/Build/CMakeFiles/CMakeTmp/src.c
Linking C executable cmTC_31e44
/usr/bin/cmake -E cmake_link_script CMakeFiles/cmTC_31e44.dir/link.txt --verbose=1
/usr/bin/cc  -fPIC -fno-semantic-interposition -Werror=date-time -Wall -Wextra -Wno-unused-parameter -Wwrite-strings -Wno-missing-field-initializers -Wimplicit-fallthrough -Wno-comment -Wmisleading-indentation -ffunction-sections -DC_SUPPORTS_FDATA_SECTIONS    CMakeFiles/cmTC_31e44.dir/src.c.o  -o cmTC_31e44 
make[1]: Leaving directory '/home/zou/Documents/DFIKOS/Build/CMakeFiles/CMakeTmp'


Source file was:
int main(void) { return 0; }
Performing C++ SOURCE FILE Test CXX_SUPPORTS_FDATA_SECTIONS succeeded with the following output:
Change Dir: /home/zou/Documents/DFIKOS/Build/CMakeFiles/CMakeTmp

Run Build Command(s):/usr/bin/make cmTC_9e65b/fast && /usr/bin/make -f CMakeFiles/cmTC_9e65b.dir/build.make CMakeFiles/cmTC_9e65b.dir/build
make[1]: Entering directory '/home/zou/Documents/DFIKOS/Build/CMakeFiles/CMakeTmp'
Building CXX object CMakeFiles/cmTC_9e65b.dir/src.cxx.o
/usr/bin/c++    -fPIC -fno-semantic-interposition -fvisibility-inlines-hidden -Werror=date-time -Wall -Wextra -Wno-unused-parameter -Wwrite-strings -Wcast-qual -Wno-missing-field-initializers -Wimplicit-fallthrough -Wno-class-memaccess -Wno-redundant-move -Wno-pessimizing-move -Wno-noexcept-type -Wdelete-non-virtual-dtor -Wsuggest-override -Wno-comment -Wmisleading-indentation -ffunction-sections -DCXX_SUPPORTS_FDATA_SECTIONS   -Werror -fdata-sections -o CMakeFiles/cmTC_9e65b.dir/src.cxx.o -c /home/zou/Documents/DFIKOS/Build/CMakeFiles/CMakeTmp/src.cxx
Linking CXX executable cmTC_9e65b
/usr/bin/cmake -E cmake_link_script CMakeFiles/cmTC_9e65b.dir/link.txt --verbose=1
/usr/bin/c++   -fPIC -fno-semantic-interposition -fvisibility-inlines-hidden -Werror=date-time -Wall -Wextra -Wno-unused-parameter -Wwrite-strings -Wcast-qual -Wno-missing-field-initializers -Wimplicit-fallthrough -Wno-class-memaccess -Wno-redundant-move -Wno-pessimizing-move -Wno-noexcept-type -Wdelete-non-virtual-dtor -Wsuggest-override -Wno-comment -Wmisleading-indentation -ffunction-sections -DCXX_SUPPORTS_FDATA_SECTIONS    CMakeFiles/cmTC_9e65b.dir/src.cxx.o  -o cmTC_9e65b 
make[1]: Leaving directory '/home/zou/Documents/DFIKOS/Build/CMakeFiles/CMakeTmp'


Source file was:
int main() { return 0; }
Determining if the include file pthread.h exists passed with the following output:
Change Dir: /home/zou/Documents/DFIKOS/Build/CMakeFiles/CMakeTmp

Run Build Command(s):/usr/bin/make cmTC_10c58/fast && /usr/bin/make -f CMakeFiles/cmTC_10c58.dir/build.make CMakeFiles/cmTC_10c58.dir/build
make[1]: Entering directory '/home/zou/Documents/DFIKOS/Build/CMakeFiles/CMakeTmp'
Building C object CMakeFiles/cmTC_10c58.dir/CheckIncludeFile.c.o
/usr/bin/cc    -o CMakeFiles/cmTC_10c58.dir/CheckIncludeFile.c.o   -c /home/zou/Documents/DFIKOS/Build/CMakeFiles/CMakeTmp/CheckIncludeFile.c
Linking C executable cmTC_10c58
/usr/bin/cmake -E cmake_link_script CMakeFiles/cmTC_10c58.dir/link.txt --verbose=1
/usr/bin/cc      CMakeFiles/cmTC_10c58.dir/CheckIncludeFile.c.o  -o cmTC_10c58 
make[1]: Leaving directory '/home/zou/Documents/DFIKOS/Build/CMakeFiles/CMakeTmp'



Determining if the function pthread_create exists in the pthread passed with the following output:
Change Dir: /home/zou/Documents/DFIKOS/Build/CMakeFiles/CMakeTmp

Run Build Command(s):/usr/bin/make cmTC_18f79/fast && /usr/bin/make -f CMakeFiles/cmTC_18f79.dir/build.make CMakeFiles/cmTC_18f79.dir/build
make[1]: Entering directory '/home/zou/Documents/DFIKOS/Build/CMakeFiles/CMakeTmp'
Building C object CMakeFiles/cmTC_18f79.dir/CheckFunctionExists.c.o
/usr/bin/cc   -DCHECK_FUNCTION_EXISTS=pthread_create   -o CMakeFiles/cmTC_18f79.dir/CheckFunctionExists.c.o   -c /usr/share/cmake-3.16/Modules/CheckFunctionExists.c
Linking C executable cmTC_18f79
/usr/bin/cmake -E cmake_link_script CMakeFiles/cmTC_18f79.dir/link.txt --verbose=1
/usr/bin/cc  -DCHECK_FUNCTION_EXISTS=pthread_create    CMakeFiles/cmTC_18f79.dir/CheckFunctionExists.c.o  -o cmTC_18f79  -lpthread 
make[1]: Leaving directory '/home/zou/Documents/DFIKOS/Build/CMakeFiles/CMakeTmp'



Performing C++ SOURCE FILE Test CXX_SUPPORTS_WNO_UNUSED_LOCAL_TYPEDEFS succeeded with the following output:
Change Dir: /home/zou/Documents/DFIKOS/Build/CMakeFiles/CMakeTmp

Run Build Command(s):/usr/bin/make cmTC_b1f72/fast && /usr/bin/make -f CMakeFiles/cmTC_b1f72.dir/build.make CMakeFiles/cmTC_b1f72.dir/build
make[1]: Entering directory '/home/zou/Documents/DFIKOS/Build/CMakeFiles/CMakeTmp'
Building CXX object CMakeFiles/cmTC_b1f72.dir/src.cxx.o
/usr/bin/c++    -fPIC -fno-semantic-interposition -fvisibility-inlines-hidden -Werror=date-time -Wall -Wextra -Wno-unused-parameter -Wwrite-strings -Wcast-qual -Wno-missing-field-initializers -Wimplicit-fallthrough -Wno-class-memaccess -Wno-redundant-move -Wno-pessimizing-move -Wno-noexcept-type -Wdelete-non-virtual-dtor -Wsuggest-override -Wno-comment -Wmisleading-indentation -ffunction-sections -fdata-sections -DCXX_SUPPORTS_WNO_UNUSED_LOCAL_TYPEDEFS   -Wno-unused-local-typedefs -o CMakeFiles/cmTC_b1f72.dir/src.cxx.o -c /home/zou/Documents/DFIKOS/Build/CMakeFiles/CMakeTmp/src.cxx
Linking CXX executable cmTC_b1f72
/usr/bin/cmake -E cmake_link_script CMakeFiles/cmTC_b1f72.dir/link.txt --verbose=1
/usr/bin/c++   -fPIC -fno-semantic-interposition -fvisibility-inlines-hidden -Werror=date-time -Wall -Wextra -Wno-unused-parameter -Wwrite-strings -Wcast-qual -Wno-missing-field-initializers -Wimplicit-fallthrough -Wno-class-memaccess -Wno-redundant-move -Wno-pessimizing-move -Wno-noexcept-type -Wdelete-non-virtual-dtor -Wsuggest-override -Wno-comment -Wmisleading-indentation -ffunction-sections -fdata-sections -DCXX_SUPPORTS_WNO_UNUSED_LOCAL_TYPEDEFS    CMakeFiles/cmTC_b1f72.dir/src.cxx.o  -o cmTC_b1f72 
make[1]: Leaving directory '/home/zou/Documents/DFIKOS/Build/CMakeFiles/CMakeTmp'


Source file was:
int main() { return 0; }
