Performing C SOURCE FILE Test C_SUPPORTS_WERROR_UNGUARDED_AVAILABILITY_NEW failed with the following output:
Change Dir: /home/zou/Documents/DFIKOS/Build/CMakeFiles/CMakeTmp

Run Build Command(s):/usr/bin/make cmTC_c7e4b/fast && /usr/bin/make -f CMakeFiles/cmTC_c7e4b.dir/build.make CMakeFiles/cmTC_c7e4b.dir/build
make[1]: Entering directory '/home/zou/Documents/DFIKOS/Build/CMakeFiles/CMakeTmp'
Building C object CMakeFiles/cmTC_c7e4b.dir/src.c.o
/usr/bin/cc   -fPIC -fno-semantic-interposition -Werror=date-time -DC_SUPPORTS_WERROR_UNGUARDED_AVAILABILITY_NEW   -Werror -Werror=unguarded-availability-new -o CMakeFiles/cmTC_c7e4b.dir/src.c.o   -c /home/zou/Documents/DFIKOS/Build/CMakeFiles/CMakeTmp/src.c
cc1: error: '-Werror=unguarded-availability-new': no option -Wunguarded-availability-new
make[1]: *** [CMakeFiles/cmTC_c7e4b.dir/build.make:66: CMakeFiles/cmTC_c7e4b.dir/src.c.o] Error 1
make[1]: Leaving directory '/home/zou/Documents/DFIKOS/Build/CMakeFiles/CMakeTmp'
make: *** [Makefile:121: cmTC_c7e4b/fast] Error 2


Source file was:
int main(void) { return 0; }
Performing C++ SOURCE FILE Test CXX_SUPPORTS_WERROR_UNGUARDED_AVAILABILITY_NEW failed with the following output:
Change Dir: /home/zou/Documents/DFIKOS/Build/CMakeFiles/CMakeTmp

Run Build Command(s):/usr/bin/make cmTC_8243b/fast && /usr/bin/make -f CMakeFiles/cmTC_8243b.dir/build.make CMakeFiles/cmTC_8243b.dir/build
make[1]: Entering directory '/home/zou/Documents/DFIKOS/Build/CMakeFiles/CMakeTmp'
Building CXX object CMakeFiles/cmTC_8243b.dir/src.cxx.o
/usr/bin/c++    -fPIC -fno-semantic-interposition -fvisibility-inlines-hidden -Werror=date-time -DCXX_SUPPORTS_WERROR_UNGUARDED_AVAILABILITY_NEW   -Werror -Werror=unguarded-availability-new -o CMakeFiles/cmTC_8243b.dir/src.cxx.o -c /home/zou/Documents/DFIKOS/Build/CMakeFiles/CMakeTmp/src.cxx
cc1plus: error: '-Werror=unguarded-availability-new': no option -Wunguarded-availability-new
make[1]: *** [CMakeFiles/cmTC_8243b.dir/build.make:66: CMakeFiles/cmTC_8243b.dir/src.cxx.o] Error 1
make[1]: Leaving directory '/home/zou/Documents/DFIKOS/Build/CMakeFiles/CMakeTmp'
make: *** [Makefile:121: cmTC_8243b/fast] Error 2


Source file was:
int main() { return 0; }
Performing C SOURCE FILE Test C_SUPPORTS_COVERED_SWITCH_DEFAULT_FLAG failed with the following output:
Change Dir: /home/zou/Documents/DFIKOS/Build/CMakeFiles/CMakeTmp

Run Build Command(s):/usr/bin/make cmTC_991cf/fast && /usr/bin/make -f CMakeFiles/cmTC_991cf.dir/build.make CMakeFiles/cmTC_991cf.dir/build
make[1]: Entering directory '/home/zou/Documents/DFIKOS/Build/CMakeFiles/CMakeTmp'
Building C object CMakeFiles/cmTC_991cf.dir/src.c.o
/usr/bin/cc   -fPIC -fno-semantic-interposition -Werror=date-time -Wall -Wextra -Wno-unused-parameter -Wwrite-strings -Wno-missing-field-initializers -Wimplicit-fallthrough -DC_SUPPORTS_COVERED_SWITCH_DEFAULT_FLAG   -Werror -Wcovered-switch-default -o CMakeFiles/cmTC_991cf.dir/src.c.o   -c /home/zou/Documents/DFIKOS/Build/CMakeFiles/CMakeTmp/src.c
cc: error: unrecognized command line option '-Wcovered-switch-default'; did you mean '-Wno-switch-default'?
make[1]: *** [CMakeFiles/cmTC_991cf.dir/build.make:66: CMakeFiles/cmTC_991cf.dir/src.c.o] Error 1
make[1]: Leaving directory '/home/zou/Documents/DFIKOS/Build/CMakeFiles/CMakeTmp'
make: *** [Makefile:121: cmTC_991cf/fast] Error 2


Source file was:
int main(void) { return 0; }
Performing C++ SOURCE FILE Test CXX_SUPPORTS_COVERED_SWITCH_DEFAULT_FLAG failed with the following output:
Change Dir: /home/zou/Documents/DFIKOS/Build/CMakeFiles/CMakeTmp

Run Build Command(s):/usr/bin/make cmTC_4539d/fast && /usr/bin/make -f CMakeFiles/cmTC_4539d.dir/build.make CMakeFiles/cmTC_4539d.dir/build
make[1]: Entering directory '/home/zou/Documents/DFIKOS/Build/CMakeFiles/CMakeTmp'
Building CXX object CMakeFiles/cmTC_4539d.dir/src.cxx.o
/usr/bin/c++    -fPIC -fno-semantic-interposition -fvisibility-inlines-hidden -Werror=date-time -Wall -Wextra -Wno-unused-parameter -Wwrite-strings -Wcast-qual -Wno-missing-field-initializers -Wimplicit-fallthrough -DCXX_SUPPORTS_COVERED_SWITCH_DEFAULT_FLAG   -Werror -Wcovered-switch-default -o CMakeFiles/cmTC_4539d.dir/src.cxx.o -c /home/zou/Documents/DFIKOS/Build/CMakeFiles/CMakeTmp/src.cxx
c++: error: unrecognized command line option '-Wcovered-switch-default'; did you mean '-Wno-switch-default'?
make[1]: *** [CMakeFiles/cmTC_4539d.dir/build.make:66: CMakeFiles/cmTC_4539d.dir/src.cxx.o] Error 1
make[1]: Leaving directory '/home/zou/Documents/DFIKOS/Build/CMakeFiles/CMakeTmp'
make: *** [Makefile:121: cmTC_4539d/fast] Error 2


Source file was:
int main() { return 0; }
Performing C++ SOURCE FILE Test CXX_WONT_WARN_ON_FINAL_NONVIRTUALDTOR failed with the following output:
Change Dir: /home/zou/Documents/DFIKOS/Build/CMakeFiles/CMakeTmp

Run Build Command(s):/usr/bin/make cmTC_ac833/fast && /usr/bin/make -f CMakeFiles/cmTC_ac833.dir/build.make CMakeFiles/cmTC_ac833.dir/build
make[1]: Entering directory '/home/zou/Documents/DFIKOS/Build/CMakeFiles/CMakeTmp'
Building CXX object CMakeFiles/cmTC_ac833.dir/src.cxx.o
/usr/bin/c++    -fPIC -fno-semantic-interposition -fvisibility-inlines-hidden -Werror=date-time -Wall -Wextra -Wno-unused-parameter -Wwrite-strings -Wcast-qual -Wno-missing-field-initializers -Wimplicit-fallthrough -Wno-class-memaccess -Wno-redundant-move -Wno-pessimizing-move -Wno-noexcept-type -DCXX_WONT_WARN_ON_FINAL_NONVIRTUALDTOR  -Werror=non-virtual-dtor   -o CMakeFiles/cmTC_ac833.dir/src.cxx.o -c /home/zou/Documents/DFIKOS/Build/CMakeFiles/CMakeTmp/src.cxx
/home/zou/Documents/DFIKOS/Build/CMakeFiles/CMakeTmp/src.cxx:2:36: error: ‘class base’ has virtual functions and accessible non-virtual destructor [-Werror=non-virtual-dtor]
    2 |                              class base {friend f; public: virtual void anchor();protected: ~base();};
      |                                    ^~~~
cc1plus: some warnings being treated as errors
make[1]: *** [CMakeFiles/cmTC_ac833.dir/build.make:66: CMakeFiles/cmTC_ac833.dir/src.cxx.o] Error 1
make[1]: Leaving directory '/home/zou/Documents/DFIKOS/Build/CMakeFiles/CMakeTmp'
make: *** [Makefile:121: cmTC_ac833/fast] Error 2


Source file was:
class f {};
                             class base {friend f; public: virtual void anchor();protected: ~base();};
                             int main() { return 0; }
Performing C SOURCE FILE Test C_WCOMMENT_ALLOWS_LINE_WRAP failed with the following output:
Change Dir: /home/zou/Documents/DFIKOS/Build/CMakeFiles/CMakeTmp

Run Build Command(s):/usr/bin/make cmTC_68c9c/fast && /usr/bin/make -f CMakeFiles/cmTC_68c9c.dir/build.make CMakeFiles/cmTC_68c9c.dir/build
make[1]: Entering directory '/home/zou/Documents/DFIKOS/Build/CMakeFiles/CMakeTmp'
Building C object CMakeFiles/cmTC_68c9c.dir/src.c.o
/usr/bin/cc   -fPIC -fno-semantic-interposition -Werror=date-time -Wall -Wextra -Wno-unused-parameter -Wwrite-strings -Wno-missing-field-initializers -Wimplicit-fallthrough -DC_WCOMMENT_ALLOWS_LINE_WRAP  -Werror -Wcomment   -o CMakeFiles/cmTC_68c9c.dir/src.c.o   -c /home/zou/Documents/DFIKOS/Build/CMakeFiles/CMakeTmp/src.c
/home/zou/Documents/DFIKOS/Build/CMakeFiles/CMakeTmp/src.c:1:1: error: multi-line comment [-Werror=comment]
    1 | // \
      | ^
cc1: all warnings being treated as errors
make[1]: *** [CMakeFiles/cmTC_68c9c.dir/build.make:66: CMakeFiles/cmTC_68c9c.dir/src.c.o] Error 1
make[1]: Leaving directory '/home/zou/Documents/DFIKOS/Build/CMakeFiles/CMakeTmp'
make: *** [Makefile:121: cmTC_68c9c/fast] Error 2


Source file was:
// \
//
int main() {return 0;}
Performing C SOURCE FILE Test C_SUPPORTS_STRING_CONVERSION_FLAG failed with the following output:
Change Dir: /home/zou/Documents/DFIKOS/Build/CMakeFiles/CMakeTmp

Run Build Command(s):/usr/bin/make cmTC_97e0a/fast && /usr/bin/make -f CMakeFiles/cmTC_97e0a.dir/build.make CMakeFiles/cmTC_97e0a.dir/build
make[1]: Entering directory '/home/zou/Documents/DFIKOS/Build/CMakeFiles/CMakeTmp'
Building C object CMakeFiles/cmTC_97e0a.dir/src.c.o
/usr/bin/cc   -fPIC -fno-semantic-interposition -Werror=date-time -Wall -Wextra -Wno-unused-parameter -Wwrite-strings -Wno-missing-field-initializers -Wimplicit-fallthrough -Wno-comment -DC_SUPPORTS_STRING_CONVERSION_FLAG   -Werror -Wstring-conversion -o CMakeFiles/cmTC_97e0a.dir/src.c.o   -c /home/zou/Documents/DFIKOS/Build/CMakeFiles/CMakeTmp/src.c
cc: error: unrecognized command line option '-Wstring-conversion'; did you mean '-Wsign-conversion'?
make[1]: *** [CMakeFiles/cmTC_97e0a.dir/build.make:66: CMakeFiles/cmTC_97e0a.dir/src.c.o] Error 1
make[1]: Leaving directory '/home/zou/Documents/DFIKOS/Build/CMakeFiles/CMakeTmp'
make: *** [Makefile:121: cmTC_97e0a/fast] Error 2


Source file was:
int main(void) { return 0; }
Performing C++ SOURCE FILE Test CXX_SUPPORTS_STRING_CONVERSION_FLAG failed with the following output:
Change Dir: /home/zou/Documents/DFIKOS/Build/CMakeFiles/CMakeTmp

Run Build Command(s):/usr/bin/make cmTC_a7122/fast && /usr/bin/make -f CMakeFiles/cmTC_a7122.dir/build.make CMakeFiles/cmTC_a7122.dir/build
make[1]: Entering directory '/home/zou/Documents/DFIKOS/Build/CMakeFiles/CMakeTmp'
Building CXX object CMakeFiles/cmTC_a7122.dir/src.cxx.o
/usr/bin/c++    -fPIC -fno-semantic-interposition -fvisibility-inlines-hidden -Werror=date-time -Wall -Wextra -Wno-unused-parameter -Wwrite-strings -Wcast-qual -Wno-missing-field-initializers -Wimplicit-fallthrough -Wno-class-memaccess -Wno-redundant-move -Wno-pessimizing-move -Wno-noexcept-type -Wdelete-non-virtual-dtor -Wsuggest-override -Wno-comment -DCXX_SUPPORTS_STRING_CONVERSION_FLAG   -Werror -Wstring-conversion -o CMakeFiles/cmTC_a7122.dir/src.cxx.o -c /home/zou/Documents/DFIKOS/Build/CMakeFiles/CMakeTmp/src.cxx
c++: error: unrecognized command line option '-Wstring-conversion'; did you mean '-Wsign-conversion'?
make[1]: *** [CMakeFiles/cmTC_a7122.dir/build.make:66: CMakeFiles/cmTC_a7122.dir/src.cxx.o] Error 1
make[1]: Leaving directory '/home/zou/Documents/DFIKOS/Build/CMakeFiles/CMakeTmp'
make: *** [Makefile:121: cmTC_a7122/fast] Error 2


Source file was:
int main() { return 0; }
Determining if the os_signpost_interval_begin exist failed with the following output:
Change Dir: /home/zou/Documents/DFIKOS/Build/CMakeFiles/CMakeTmp

Run Build Command(s):/usr/bin/make cmTC_b2c67/fast && /usr/bin/make -f CMakeFiles/cmTC_b2c67.dir/build.make CMakeFiles/cmTC_b2c67.dir/build
make[1]: Entering directory '/home/zou/Documents/DFIKOS/Build/CMakeFiles/CMakeTmp'
Building C object CMakeFiles/cmTC_b2c67.dir/CheckSymbolExists.c.o
/usr/bin/cc   -fPIC -fno-semantic-interposition -Werror=date-time -Wall -Wextra -Wno-unused-parameter -Wwrite-strings -Wno-missing-field-initializers -Wimplicit-fallthrough -Wno-comment -Wmisleading-indentation -ffunction-sections -fdata-sections    -o CMakeFiles/cmTC_b2c67.dir/CheckSymbolExists.c.o   -c /home/zou/Documents/DFIKOS/Build/CMakeFiles/CMakeTmp/CheckSymbolExists.c
/home/zou/Documents/DFIKOS/Build/CMakeFiles/CMakeTmp/CheckSymbolExists.c:2:10: fatal error: os/signpost.h: No such file or directory
    2 | #include <os/signpost.h>
      |          ^~~~~~~~~~~~~~~
compilation terminated.
make[1]: *** [CMakeFiles/cmTC_b2c67.dir/build.make:66: CMakeFiles/cmTC_b2c67.dir/CheckSymbolExists.c.o] Error 1
make[1]: Leaving directory '/home/zou/Documents/DFIKOS/Build/CMakeFiles/CMakeTmp'
make: *** [Makefile:121: cmTC_b2c67/fast] Error 2


File /home/zou/Documents/DFIKOS/Build/CMakeFiles/CMakeTmp/CheckSymbolExists.c:
/* */
#include <os/signpost.h>

int main(int argc, char** argv)
{
  (void)argv;
#ifndef os_signpost_interval_begin
  return ((int*)(&os_signpost_interval_begin))[argc];
#else
  (void)argc;
  return 0;
#endif
}
Performing C SOURCE FILE Test CMAKE_HAVE_LIBC_PTHREAD failed with the following output:
Change Dir: /home/zou/Documents/DFIKOS/Build/CMakeFiles/CMakeTmp

Run Build Command(s):/usr/bin/make cmTC_5145d/fast && /usr/bin/make -f CMakeFiles/cmTC_5145d.dir/build.make CMakeFiles/cmTC_5145d.dir/build
make[1]: Entering directory '/home/zou/Documents/DFIKOS/Build/CMakeFiles/CMakeTmp'
Building C object CMakeFiles/cmTC_5145d.dir/src.c.o
/usr/bin/cc   -DCMAKE_HAVE_LIBC_PTHREAD   -o CMakeFiles/cmTC_5145d.dir/src.c.o   -c /home/zou/Documents/DFIKOS/Build/CMakeFiles/CMakeTmp/src.c
Linking C executable cmTC_5145d
/usr/bin/cmake -E cmake_link_script CMakeFiles/cmTC_5145d.dir/link.txt --verbose=1
/usr/bin/cc  -DCMAKE_HAVE_LIBC_PTHREAD    CMakeFiles/cmTC_5145d.dir/src.c.o  -o cmTC_5145d 
/usr/bin/ld: CMakeFiles/cmTC_5145d.dir/src.c.o: in function `main':
src.c:(.text+0x46): undefined reference to `pthread_create'
/usr/bin/ld: src.c:(.text+0x52): undefined reference to `pthread_detach'
/usr/bin/ld: src.c:(.text+0x63): undefined reference to `pthread_join'
collect2: error: ld returned 1 exit status
make[1]: *** [CMakeFiles/cmTC_5145d.dir/build.make:87: cmTC_5145d] Error 1
make[1]: Leaving directory '/home/zou/Documents/DFIKOS/Build/CMakeFiles/CMakeTmp'
make: *** [Makefile:121: cmTC_5145d/fast] Error 2


Source file was:
#include <pthread.h>

void* test_func(void* data)
{
  return data;
}

int main(void)
{
  pthread_t thread;
  pthread_create(&thread, NULL, test_func, NULL);
  pthread_detach(thread);
  pthread_join(thread, NULL);
  pthread_atfork(NULL, NULL, NULL);
  pthread_exit(NULL);

  return 0;
}

Determining if the function pthread_create exists in the pthreads failed with the following output:
Change Dir: /home/zou/Documents/DFIKOS/Build/CMakeFiles/CMakeTmp

Run Build Command(s):/usr/bin/make cmTC_a03c6/fast && /usr/bin/make -f CMakeFiles/cmTC_a03c6.dir/build.make CMakeFiles/cmTC_a03c6.dir/build
make[1]: Entering directory '/home/zou/Documents/DFIKOS/Build/CMakeFiles/CMakeTmp'
Building C object CMakeFiles/cmTC_a03c6.dir/CheckFunctionExists.c.o
/usr/bin/cc   -DCHECK_FUNCTION_EXISTS=pthread_create   -o CMakeFiles/cmTC_a03c6.dir/CheckFunctionExists.c.o   -c /usr/share/cmake-3.16/Modules/CheckFunctionExists.c
Linking C executable cmTC_a03c6
/usr/bin/cmake -E cmake_link_script CMakeFiles/cmTC_a03c6.dir/link.txt --verbose=1
/usr/bin/cc  -DCHECK_FUNCTION_EXISTS=pthread_create    CMakeFiles/cmTC_a03c6.dir/CheckFunctionExists.c.o  -o cmTC_a03c6  -lpthreads 
/usr/bin/ld: cannot find -lpthreads
collect2: error: ld returned 1 exit status
make[1]: *** [CMakeFiles/cmTC_a03c6.dir/build.make:87: cmTC_a03c6] Error 1
make[1]: Leaving directory '/home/zou/Documents/DFIKOS/Build/CMakeFiles/CMakeTmp'
make: *** [Makefile:121: cmTC_a03c6/fast] Error 2



